<?xml version="1.0" encoding="UTF-8"?>
<testng-results ignored="0" total="92" passed="88" failed="4" skipped="0">
  <reporter-output>
  </reporter-output>
  <suite started-at="2022-05-04T16:02:08 EDT" name="Suite" finished-at="2022-05-04T16:02:48 EDT" duration-ms="39683">
    <groups>
    </groups>
    <test started-at="2022-05-04T16:02:08 EDT" name="TestEdge" finished-at="2022-05-04T16:02:30 EDT" duration-ms="21878">
      <class name="com.DsAlog.Qa.Tests.LinkedListPageTest">
        <test-method is-config="true" signature="setup()[pri:0, instance:com.DsAlog.Qa.Tests.LinkedListPageTest@6f1a16fe]" started-at="2022-05-04T16:02:19 EDT" name="setup" finished-at="2022-05-04T16:02:19 EDT" duration-ms="5" status="PASS">
          <reporter-output>
          </reporter-output>
        </test-method> <!-- setup -->
        <test-method signature="dropLinkedListselectionTest()[pri:1, instance:com.DsAlog.Qa.Tests.LinkedListPageTest@6f1a16fe]" started-at="2022-05-04T16:02:19 EDT" name="dropLinkedListselectionTest" description="LinkedList Flow Testing" finished-at="2022-05-04T16:02:19 EDT" duration-ms="204" status="PASS">
          <reporter-output>
          </reporter-output>
        </test-method> <!-- dropLinkedListselectionTest -->
        <test-method is-config="true" signature="endoftest()[pri:0, instance:com.DsAlog.Qa.Tests.LinkedListPageTest@6f1a16fe]" started-at="2022-05-04T16:02:19 EDT" name="endoftest" finished-at="2022-05-04T16:02:19 EDT" duration-ms="0" status="PASS">
          <reporter-output>
          </reporter-output>
        </test-method> <!-- endoftest -->
        <test-method signature="LListLinkCountTest()[pri:2, instance:com.DsAlog.Qa.Tests.LinkedListPageTest@6f1a16fe]" started-at="2022-05-04T16:02:19 EDT" name="LListLinkCountTest" description="LinkedList Link Count" finished-at="2022-05-04T16:02:19 EDT" duration-ms="128" status="PASS">
          <reporter-output>
          </reporter-output>
        </test-method> <!-- LListLinkCountTest -->
        <test-method is-config="true" signature="endoftest()[pri:0, instance:com.DsAlog.Qa.Tests.LinkedListPageTest@6f1a16fe]" started-at="2022-05-04T16:02:19 EDT" name="endoftest" finished-at="2022-05-04T16:02:19 EDT" duration-ms="1" status="PASS">
          <reporter-output>
          </reporter-output>
        </test-method> <!-- endoftest -->
        <test-method signature="introclickTest()[pri:3, instance:com.DsAlog.Qa.Tests.LinkedListPageTest@6f1a16fe]" started-at="2022-05-04T16:02:19 EDT" name="introclickTest" description="Introduction Link Flow" finished-at="2022-05-04T16:02:20 EDT" duration-ms="501" status="PASS">
          <reporter-output>
          </reporter-output>
        </test-method> <!-- introclickTest -->
        <test-method is-config="true" signature="endoftest()[pri:0, instance:com.DsAlog.Qa.Tests.LinkedListPageTest@6f1a16fe]" started-at="2022-05-04T16:02:20 EDT" name="endoftest" finished-at="2022-05-04T16:02:20 EDT" duration-ms="1" status="PASS">
          <reporter-output>
          </reporter-output>
        </test-method> <!-- endoftest -->
        <test-method signature="clinklistclickTest()[pri:4, instance:com.DsAlog.Qa.Tests.LinkedListPageTest@6f1a16fe]" started-at="2022-05-04T16:02:20 EDT" name="clinklistclickTest" description="Creating Linked List Link Flow" finished-at="2022-05-04T16:02:20 EDT" duration-ms="449" status="PASS">
          <reporter-output>
          </reporter-output>
        </test-method> <!-- clinklistclickTest -->
        <test-method is-config="true" signature="endoftest()[pri:0, instance:com.DsAlog.Qa.Tests.LinkedListPageTest@6f1a16fe]" started-at="2022-05-04T16:02:20 EDT" name="endoftest" finished-at="2022-05-04T16:02:20 EDT" duration-ms="1" status="PASS">
          <reporter-output>
          </reporter-output>
        </test-method> <!-- endoftest -->
        <test-method signature="typeslinklistTest()[pri:5, instance:com.DsAlog.Qa.Tests.LinkedListPageTest@6f1a16fe]" started-at="2022-05-04T16:02:20 EDT" name="typeslinklistTest" description="Types of Linked List Link Flow" finished-at="2022-05-04T16:02:21 EDT" duration-ms="489" status="PASS">
          <reporter-output>
          </reporter-output>
        </test-method> <!-- typeslinklistTest -->
        <test-method is-config="true" signature="endoftest()[pri:0, instance:com.DsAlog.Qa.Tests.LinkedListPageTest@6f1a16fe]" started-at="2022-05-04T16:02:21 EDT" name="endoftest" finished-at="2022-05-04T16:02:21 EDT" duration-ms="1" status="PASS">
          <reporter-output>
          </reporter-output>
        </test-method> <!-- endoftest -->
        <test-method signature="implinklistclickTest()[pri:6, instance:com.DsAlog.Qa.Tests.LinkedListPageTest@6f1a16fe]" started-at="2022-05-04T16:02:21 EDT" name="implinklistclickTest" description="Implement Linked List in Python Link Flow" finished-at="2022-05-04T16:02:21 EDT" duration-ms="482" status="PASS">
          <reporter-output>
          </reporter-output>
        </test-method> <!-- implinklistclickTest -->
        <test-method is-config="true" signature="endoftest()[pri:0, instance:com.DsAlog.Qa.Tests.LinkedListPageTest@6f1a16fe]" started-at="2022-05-04T16:02:21 EDT" name="endoftest" finished-at="2022-05-04T16:02:21 EDT" duration-ms="0" status="PASS">
          <reporter-output>
          </reporter-output>
        </test-method> <!-- endoftest -->
        <test-method signature="traversalclickTest()[pri:7, instance:com.DsAlog.Qa.Tests.LinkedListPageTest@6f1a16fe]" started-at="2022-05-04T16:02:21 EDT" name="traversalclickTest" description="Traversal Link Flow" finished-at="2022-05-04T16:02:21 EDT" duration-ms="486" status="PASS">
          <reporter-output>
          </reporter-output>
        </test-method> <!-- traversalclickTest -->
        <test-method is-config="true" signature="endoftest()[pri:0, instance:com.DsAlog.Qa.Tests.LinkedListPageTest@6f1a16fe]" started-at="2022-05-04T16:02:21 EDT" name="endoftest" finished-at="2022-05-04T16:02:21 EDT" duration-ms="0" status="PASS">
          <reporter-output>
          </reporter-output>
        </test-method> <!-- endoftest -->
        <test-method signature="insertionclickTest()[pri:8, instance:com.DsAlog.Qa.Tests.LinkedListPageTest@6f1a16fe]" started-at="2022-05-04T16:02:21 EDT" name="insertionclickTest" description="Insertion Link Flow" finished-at="2022-05-04T16:02:22 EDT" duration-ms="534" status="PASS">
          <reporter-output>
          </reporter-output>
        </test-method> <!-- insertionclickTest -->
        <test-method is-config="true" signature="endoftest()[pri:0, instance:com.DsAlog.Qa.Tests.LinkedListPageTest@6f1a16fe]" started-at="2022-05-04T16:02:22 EDT" name="endoftest" finished-at="2022-05-04T16:02:22 EDT" duration-ms="2" status="PASS">
          <reporter-output>
          </reporter-output>
        </test-method> <!-- endoftest -->
        <test-method signature="deletionclickTest()[pri:9, instance:com.DsAlog.Qa.Tests.LinkedListPageTest@6f1a16fe]" started-at="2022-05-04T16:02:22 EDT" name="deletionclickTest" description="Deletion Link Flow" finished-at="2022-05-04T16:02:23 EDT" duration-ms="482" status="PASS">
          <reporter-output>
          </reporter-output>
        </test-method> <!-- deletionclickTest -->
        <test-method is-config="true" signature="endoftest()[pri:0, instance:com.DsAlog.Qa.Tests.LinkedListPageTest@6f1a16fe]" started-at="2022-05-04T16:02:23 EDT" name="endoftest" finished-at="2022-05-04T16:02:23 EDT" duration-ms="1" status="PASS">
          <reporter-output>
          </reporter-output>
        </test-method> <!-- endoftest -->
      </class> <!-- com.DsAlog.Qa.Tests.LinkedListPageTest -->
      <class name="com.DsAlog.Qa.Tests.SigninPageTest">
        <test-method is-config="true" signature="setup()[pri:0, instance:com.DsAlog.Qa.Tests.SigninPageTest@7e0bc8a3]" started-at="2022-05-04T16:02:14 EDT" name="setup" finished-at="2022-05-04T16:02:14 EDT" duration-ms="5" status="PASS">
          <reporter-output>
          </reporter-output>
        </test-method> <!-- setup -->
        <test-method signature="registerpageTest()[pri:1, instance:com.DsAlog.Qa.Tests.SigninPageTest@7e0bc8a3]" started-at="2022-05-04T16:02:14 EDT" name="registerpageTest" description="Signing Flow Testing" finished-at="2022-05-04T16:02:14 EDT" duration-ms="136" status="PASS">
          <reporter-output>
          </reporter-output>
        </test-method> <!-- registerpageTest -->
        <test-method is-config="true" signature="endoftest()[pri:0, instance:com.DsAlog.Qa.Tests.SigninPageTest@7e0bc8a3]" started-at="2022-05-04T16:02:14 EDT" name="endoftest" finished-at="2022-05-04T16:02:14 EDT" duration-ms="1" status="PASS">
          <reporter-output>
          </reporter-output>
        </test-method> <!-- endoftest -->
        <test-method signature="signinpageTest(java.lang.String,java.lang.String)[pri:2, instance:com.DsAlog.Qa.Tests.SigninPageTest@7e0bc8a3]" started-at="2022-05-04T16:02:14 EDT" name="signinpageTest" description="Signin with Valid Inputs" data-provider="Signin details" finished-at="2022-05-04T16:02:15 EDT" duration-ms="609" status="PASS">
          <params>
            <param index="0">
              <value>
                <![CDATA[asder@twer]]>
              </value>
            </param>
            <param index="1">
              <value>
                <![CDATA[asd123rt]]>
              </value>
            </param>
          </params>
          <reporter-output>
          </reporter-output>
        </test-method> <!-- signinpageTest -->
        <test-method is-config="true" signature="endoftest()[pri:0, instance:com.DsAlog.Qa.Tests.SigninPageTest@7e0bc8a3]" started-at="2022-05-04T16:02:15 EDT" name="endoftest" finished-at="2022-05-04T16:02:15 EDT" duration-ms="0" status="PASS">
          <reporter-output>
          </reporter-output>
        </test-method> <!-- endoftest -->
        <test-method signature="HPModuleCountTest()[pri:3, instance:com.DsAlog.Qa.Tests.SigninPageTest@7e0bc8a3]" started-at="2022-05-04T16:02:15 EDT" name="HPModuleCountTest" description="Count total module in HomePage" finished-at="2022-05-04T16:02:15 EDT" duration-ms="205" status="PASS">
          <reporter-output>
          </reporter-output>
        </test-method> <!-- HPModuleCountTest -->
        <test-method is-config="true" signature="endoftest()[pri:0, instance:com.DsAlog.Qa.Tests.SigninPageTest@7e0bc8a3]" started-at="2022-05-04T16:02:15 EDT" name="endoftest" finished-at="2022-05-04T16:02:15 EDT" duration-ms="0" status="PASS">
          <reporter-output>
          </reporter-output>
        </test-method> <!-- endoftest -->
      </class> <!-- com.DsAlog.Qa.Tests.SigninPageTest -->
      <class name="com.DsAlog.Qa.Tests.DataStructurePageTest">
        <test-method is-config="true" signature="setup()[pri:0, instance:com.DsAlog.Qa.Tests.DataStructurePageTest@12704e15]" started-at="2022-05-04T16:02:15 EDT" name="setup" finished-at="2022-05-04T16:02:15 EDT" duration-ms="4" status="PASS">
          <reporter-output>
          </reporter-output>
        </test-method> <!-- setup -->
        <test-method signature="getstartdsselectionTest()[pri:1, instance:com.DsAlog.Qa.Tests.DataStructurePageTest@12704e15]" started-at="2022-05-04T16:02:15 EDT" name="getstartdsselectionTest" description="Data structure Flow Testing" finished-at="2022-05-04T16:02:15 EDT" duration-ms="174" status="PASS">
          <reporter-output>
          </reporter-output>
        </test-method> <!-- getstartdsselectionTest -->
        <test-method is-config="true" signature="endoftest()[pri:0, instance:com.DsAlog.Qa.Tests.DataStructurePageTest@12704e15]" started-at="2022-05-04T16:02:15 EDT" name="endoftest" finished-at="2022-05-04T16:02:15 EDT" duration-ms="0" status="PASS">
          <reporter-output>
          </reporter-output>
        </test-method> <!-- endoftest -->
        <test-method signature="DataStructureLinkCountTest()[pri:2, instance:com.DsAlog.Qa.Tests.DataStructurePageTest@12704e15]" started-at="2022-05-04T16:02:15 EDT" name="DataStructureLinkCountTest" description="Data Structure Page Link Count" finished-at="2022-05-04T16:02:15 EDT" duration-ms="33" status="PASS">
          <reporter-output>
          </reporter-output>
        </test-method> <!-- DataStructureLinkCountTest -->
        <test-method is-config="true" signature="endoftest()[pri:0, instance:com.DsAlog.Qa.Tests.DataStructurePageTest@12704e15]" started-at="2022-05-04T16:02:15 EDT" name="endoftest" finished-at="2022-05-04T16:02:15 EDT" duration-ms="1" status="PASS">
          <reporter-output>
          </reporter-output>
        </test-method> <!-- endoftest -->
        <test-method signature="timecomplexclickTest()[pri:3, instance:com.DsAlog.Qa.Tests.DataStructurePageTest@12704e15]" started-at="2022-05-04T16:02:15 EDT" name="timecomplexclickTest" description="Time Complexity Link Flow" finished-at="2022-05-04T16:02:16 EDT" duration-ms="764" status="PASS">
          <reporter-output>
          </reporter-output>
        </test-method> <!-- timecomplexclickTest -->
        <test-method is-config="true" signature="endoftest()[pri:0, instance:com.DsAlog.Qa.Tests.DataStructurePageTest@12704e15]" started-at="2022-05-04T16:02:16 EDT" name="endoftest" finished-at="2022-05-04T16:02:16 EDT" duration-ms="0" status="PASS">
          <reporter-output>
          </reporter-output>
        </test-method> <!-- endoftest -->
      </class> <!-- com.DsAlog.Qa.Tests.DataStructurePageTest -->
      <class name="com.DsAlog.Qa.Tests.QueuePageTest">
        <test-method is-config="true" signature="setup()[pri:0, instance:com.DsAlog.Qa.Tests.QueuePageTest@33634f04]" started-at="2022-05-04T16:02:24 EDT" name="setup" finished-at="2022-05-04T16:02:24 EDT" duration-ms="2" status="PASS">
          <reporter-output>
          </reporter-output>
        </test-method> <!-- setup -->
        <test-method signature="QueueSelctionTest()[pri:1, instance:com.DsAlog.Qa.Tests.QueuePageTest@33634f04]" started-at="2022-05-04T16:02:24 EDT" name="QueueSelctionTest" description="Queue Flow Testing" finished-at="2022-05-04T16:02:24 EDT" duration-ms="203" status="PASS">
          <reporter-output>
          </reporter-output>
        </test-method> <!-- QueueSelctionTest -->
        <test-method is-config="true" signature="endoftest()[pri:0, instance:com.DsAlog.Qa.Tests.QueuePageTest@33634f04]" started-at="2022-05-04T16:02:24 EDT" name="endoftest" finished-at="2022-05-04T16:02:24 EDT" duration-ms="1" status="PASS">
          <reporter-output>
          </reporter-output>
        </test-method> <!-- endoftest -->
        <test-method signature="QueueLinkCountTest()[pri:2, instance:com.DsAlog.Qa.Tests.QueuePageTest@33634f04]" started-at="2022-05-04T16:02:24 EDT" name="QueueLinkCountTest" description="Queue Page Link Count" finished-at="2022-05-04T16:02:24 EDT" duration-ms="70" status="PASS">
          <reporter-output>
          </reporter-output>
        </test-method> <!-- QueueLinkCountTest -->
        <test-method is-config="true" signature="endoftest()[pri:0, instance:com.DsAlog.Qa.Tests.QueuePageTest@33634f04]" started-at="2022-05-04T16:02:24 EDT" name="endoftest" finished-at="2022-05-04T16:02:24 EDT" duration-ms="0" status="PASS">
          <reporter-output>
          </reporter-output>
        </test-method> <!-- endoftest -->
        <test-method signature="impQueueclickTest()[pri:3, instance:com.DsAlog.Qa.Tests.QueuePageTest@33634f04]" started-at="2022-05-04T16:02:24 EDT" name="impQueueclickTest" description="Implementation of Queue in Python Link Flow" finished-at="2022-05-04T16:02:25 EDT" duration-ms="490" status="PASS">
          <reporter-output>
          </reporter-output>
        </test-method> <!-- impQueueclickTest -->
        <test-method is-config="true" signature="endoftest()[pri:0, instance:com.DsAlog.Qa.Tests.QueuePageTest@33634f04]" started-at="2022-05-04T16:02:25 EDT" name="endoftest" finished-at="2022-05-04T16:02:25 EDT" duration-ms="0" status="PASS">
          <reporter-output>
          </reporter-output>
        </test-method> <!-- endoftest -->
        <test-method signature="impcollectionsclickTest()[pri:4, instance:com.DsAlog.Qa.Tests.QueuePageTest@33634f04]" started-at="2022-05-04T16:02:25 EDT" name="impcollectionsclickTest" description="Implementation using collections link Flow" finished-at="2022-05-04T16:02:25 EDT" duration-ms="428" status="PASS">
          <reporter-output>
          </reporter-output>
        </test-method> <!-- impcollectionsclickTest -->
        <test-method is-config="true" signature="endoftest()[pri:0, instance:com.DsAlog.Qa.Tests.QueuePageTest@33634f04]" started-at="2022-05-04T16:02:25 EDT" name="endoftest" finished-at="2022-05-04T16:02:25 EDT" duration-ms="0" status="PASS">
          <reporter-output>
          </reporter-output>
        </test-method> <!-- endoftest -->
        <test-method signature="imparrayclickTest()[pri:5, instance:com.DsAlog.Qa.Tests.QueuePageTest@33634f04]" started-at="2022-05-04T16:02:25 EDT" name="imparrayclickTest" description="Implementation using array" finished-at="2022-05-04T16:02:26 EDT" duration-ms="449" status="PASS">
          <reporter-output>
          </reporter-output>
        </test-method> <!-- imparrayclickTest -->
        <test-method is-config="true" signature="endoftest()[pri:0, instance:com.DsAlog.Qa.Tests.QueuePageTest@33634f04]" started-at="2022-05-04T16:02:26 EDT" name="endoftest" finished-at="2022-05-04T16:02:26 EDT" duration-ms="0" status="PASS">
          <reporter-output>
          </reporter-output>
        </test-method> <!-- endoftest -->
        <test-method signature="QueueoperclickTest()[pri:6, instance:com.DsAlog.Qa.Tests.QueuePageTest@33634f04]" started-at="2022-05-04T16:02:26 EDT" name="QueueoperclickTest" description="Queue Operations" finished-at="2022-05-04T16:02:26 EDT" duration-ms="429" status="PASS">
          <reporter-output>
          </reporter-output>
        </test-method> <!-- QueueoperclickTest -->
        <test-method is-config="true" signature="endoftest()[pri:0, instance:com.DsAlog.Qa.Tests.QueuePageTest@33634f04]" started-at="2022-05-04T16:02:26 EDT" name="endoftest" finished-at="2022-05-04T16:02:26 EDT" duration-ms="0" status="PASS">
          <reporter-output>
          </reporter-output>
        </test-method> <!-- endoftest -->
      </class> <!-- com.DsAlog.Qa.Tests.QueuePageTest -->
      <class name="com.DsAlog.Qa.Tests.RegisterPageTest">
        <test-method is-config="true" signature="setup(java.lang.String)[pri:0, instance:com.DsAlog.Qa.Tests.RegisterPageTest@6ae62c7e]" started-at="2022-05-04T16:02:08 EDT" name="setup" finished-at="2022-05-04T16:02:11 EDT" duration-ms="3184" status="PASS">
          <params>
            <param index="0">
              <value>
                <![CDATA[edge]]>
              </value>
            </param>
          </params>
          <reporter-output>
          </reporter-output>
        </test-method> <!-- setup -->
        <test-method signature="startpageTest()[pri:1, instance:com.DsAlog.Qa.Tests.RegisterPageTest@6ae62c7e]" started-at="2022-05-04T16:02:11 EDT" name="startpageTest" description="Get Starting the Application" finished-at="2022-05-04T16:02:12 EDT" duration-ms="312" status="PASS">
          <reporter-output>
          </reporter-output>
        </test-method> <!-- startpageTest -->
        <test-method is-config="true" signature="endoftest()[pri:0, instance:com.DsAlog.Qa.Tests.RegisterPageTest@6ae62c7e]" started-at="2022-05-04T16:02:12 EDT" name="endoftest" finished-at="2022-05-04T16:02:12 EDT" duration-ms="1" status="PASS">
          <reporter-output>
          </reporter-output>
        </test-method> <!-- endoftest -->
        <test-method signature="registerpageTest()[pri:2, instance:com.DsAlog.Qa.Tests.RegisterPageTest@6ae62c7e]" started-at="2022-05-04T16:02:12 EDT" name="registerpageTest" description="Opening Register Page to Register As a New Customer" finished-at="2022-05-04T16:02:12 EDT" duration-ms="183" status="PASS">
          <reporter-output>
          </reporter-output>
        </test-method> <!-- registerpageTest -->
        <test-method is-config="true" signature="endoftest()[pri:0, instance:com.DsAlog.Qa.Tests.RegisterPageTest@6ae62c7e]" started-at="2022-05-04T16:02:12 EDT" name="endoftest" finished-at="2022-05-04T16:02:12 EDT" duration-ms="1" status="PASS">
          <reporter-output>
          </reporter-output>
        </test-method> <!-- endoftest -->
        <test-method signature="registerinputTest(java.lang.String,java.lang.String,java.lang.String)[pri:3, instance:com.DsAlog.Qa.Tests.RegisterPageTest@6ae62c7e]" started-at="2022-05-04T16:02:13 EDT" name="registerinputTest" description="Register Flow Testing with invalid inputs" data-provider="Signin details" finished-at="2022-05-04T16:02:13 EDT" duration-ms="332" status="FAIL">
          <params>
            <param index="0">
              <value>
                <![CDATA[werty123rt]]>
              </value>
            </param>
            <param index="1">
              <value>
                <![CDATA[asdwe_234]]>
              </value>
            </param>
            <param index="2">
              <value>
                <![CDATA[asdwe234]]>
              </value>
            </param>
          </params>
          <exception class="java.lang.AssertionError">
            <message>
              <![CDATA[expected [NumpyNinja] but found [Registration]]]>
            </message>
            <full-stacktrace>
              <![CDATA[java.lang.AssertionError: expected [NumpyNinja] but found [Registration]
at org.testng.Assert.fail(Assert.java:99)
at org.testng.Assert.failNotEquals(Assert.java:1037)
at org.testng.Assert.assertEqualsImpl(Assert.java:140)
at org.testng.Assert.assertEquals(Assert.java:122)
at org.testng.Assert.assertEquals(Assert.java:629)
at org.testng.Assert.assertEquals(Assert.java:639)
at com.DsAlog.Qa.Tests.RegisterPageTest.registerinputTest(RegisterPageTest.java:66)
at java.base/jdk.internal.reflect.NativeMethodAccessorImpl.invoke0(Native Method)
at java.base/jdk.internal.reflect.NativeMethodAccessorImpl.invoke(NativeMethodAccessorImpl.java:77)
at java.base/jdk.internal.reflect.DelegatingMethodAccessorImpl.invoke(DelegatingMethodAccessorImpl.java:43)
at java.base/java.lang.reflect.Method.invoke(Method.java:568)
at org.testng.internal.MethodInvocationHelper.invokeMethod(MethodInvocationHelper.java:133)
at org.testng.internal.TestInvoker.invokeMethod(TestInvoker.java:598)
at org.testng.internal.TestInvoker.invokeTestMethod(TestInvoker.java:173)
at org.testng.internal.MethodRunner.runInSequence(MethodRunner.java:46)
at org.testng.internal.TestInvoker$MethodInvocationAgent.invoke(TestInvoker.java:824)
at org.testng.internal.TestInvoker.invokeTestMethods(TestInvoker.java:146)
at org.testng.internal.TestMethodWorker.invokeTestMethods(TestMethodWorker.java:146)
at org.testng.internal.TestMethodWorker.run(TestMethodWorker.java:128)
at java.base/java.util.ArrayList.forEach(ArrayList.java:1511)
at org.testng.TestRunner.privateRun(TestRunner.java:794)
at org.testng.TestRunner.run(TestRunner.java:596)
at org.testng.SuiteRunner.runTest(SuiteRunner.java:377)
at org.testng.SuiteRunner.runSequentially(SuiteRunner.java:371)
at org.testng.SuiteRunner.privateRun(SuiteRunner.java:332)
at org.testng.SuiteRunner.run(SuiteRunner.java:276)
at org.testng.SuiteRunnerWorker.runSuite(SuiteRunnerWorker.java:53)
at org.testng.SuiteRunnerWorker.run(SuiteRunnerWorker.java:96)
at org.testng.TestNG.runSuitesSequentially(TestNG.java:1212)
at org.testng.TestNG.runSuitesLocally(TestNG.java:1134)
at org.testng.TestNG.runSuites(TestNG.java:1063)
at org.testng.TestNG.run(TestNG.java:1031)
at org.testng.remote.AbstractRemoteTestNG.run(AbstractRemoteTestNG.java:115)
at org.testng.remote.RemoteTestNG.initAndRun(RemoteTestNG.java:251)
at org.testng.remote.RemoteTestNG.main(RemoteTestNG.java:77)
]]>
            </full-stacktrace>
          </exception> <!-- java.lang.AssertionError -->
          <reporter-output>
          </reporter-output>
        </test-method> <!-- registerinputTest -->
        <test-method is-config="true" signature="endoftest()[pri:0, instance:com.DsAlog.Qa.Tests.RegisterPageTest@6ae62c7e]" started-at="2022-05-04T16:02:13 EDT" name="endoftest" finished-at="2022-05-04T16:02:13 EDT" duration-ms="0" status="PASS">
          <reporter-output>
          </reporter-output>
        </test-method> <!-- endoftest -->
        <test-method signature="registerinputTest(java.lang.String,java.lang.String,java.lang.String)[pri:3, instance:com.DsAlog.Qa.Tests.RegisterPageTest@6ae62c7e]" started-at="2022-05-04T16:02:13 EDT" name="registerinputTest" description="Register Flow Testing with invalid inputs" data-provider="Signin details" finished-at="2022-05-04T16:02:14 EDT" duration-ms="297" status="FAIL">
          <params>
            <param index="0">
              <value>
                <![CDATA[werty124rt]]>
              </value>
            </param>
            <param index="1">
              <value>
                <![CDATA[asdwe_235]]>
              </value>
            </param>
            <param index="2">
              <value>
                <![CDATA[asdwe_235]]>
              </value>
            </param>
          </params>
          <exception class="java.lang.AssertionError">
            <message>
              <![CDATA[expected [NumpyNinja] but found [Registration]]]>
            </message>
            <full-stacktrace>
              <![CDATA[java.lang.AssertionError: expected [NumpyNinja] but found [Registration]
at org.testng.Assert.fail(Assert.java:99)
at org.testng.Assert.failNotEquals(Assert.java:1037)
at org.testng.Assert.assertEqualsImpl(Assert.java:140)
at org.testng.Assert.assertEquals(Assert.java:122)
at org.testng.Assert.assertEquals(Assert.java:629)
at org.testng.Assert.assertEquals(Assert.java:639)
at com.DsAlog.Qa.Tests.RegisterPageTest.registerinputTest(RegisterPageTest.java:66)
at java.base/jdk.internal.reflect.NativeMethodAccessorImpl.invoke0(Native Method)
at java.base/jdk.internal.reflect.NativeMethodAccessorImpl.invoke(NativeMethodAccessorImpl.java:77)
at java.base/jdk.internal.reflect.DelegatingMethodAccessorImpl.invoke(DelegatingMethodAccessorImpl.java:43)
at java.base/java.lang.reflect.Method.invoke(Method.java:568)
at org.testng.internal.MethodInvocationHelper.invokeMethod(MethodInvocationHelper.java:133)
at org.testng.internal.TestInvoker.invokeMethod(TestInvoker.java:598)
at org.testng.internal.TestInvoker.invokeTestMethod(TestInvoker.java:173)
at org.testng.internal.MethodRunner.runInSequence(MethodRunner.java:46)
at org.testng.internal.TestInvoker$MethodInvocationAgent.invoke(TestInvoker.java:824)
at org.testng.internal.TestInvoker.invokeTestMethods(TestInvoker.java:146)
at org.testng.internal.TestMethodWorker.invokeTestMethods(TestMethodWorker.java:146)
at org.testng.internal.TestMethodWorker.run(TestMethodWorker.java:128)
at java.base/java.util.ArrayList.forEach(ArrayList.java:1511)
at org.testng.TestRunner.privateRun(TestRunner.java:794)
at org.testng.TestRunner.run(TestRunner.java:596)
at org.testng.SuiteRunner.runTest(SuiteRunner.java:377)
at org.testng.SuiteRunner.runSequentially(SuiteRunner.java:371)
at org.testng.SuiteRunner.privateRun(SuiteRunner.java:332)
at org.testng.SuiteRunner.run(SuiteRunner.java:276)
at org.testng.SuiteRunnerWorker.runSuite(SuiteRunnerWorker.java:53)
at org.testng.SuiteRunnerWorker.run(SuiteRunnerWorker.java:96)
at org.testng.TestNG.runSuitesSequentially(TestNG.java:1212)
at org.testng.TestNG.runSuitesLocally(TestNG.java:1134)
at org.testng.TestNG.runSuites(TestNG.java:1063)
at org.testng.TestNG.run(TestNG.java:1031)
at org.testng.remote.AbstractRemoteTestNG.run(AbstractRemoteTestNG.java:115)
at org.testng.remote.RemoteTestNG.initAndRun(RemoteTestNG.java:251)
at org.testng.remote.RemoteTestNG.main(RemoteTestNG.java:77)
]]>
            </full-stacktrace>
          </exception> <!-- java.lang.AssertionError -->
          <reporter-output>
          </reporter-output>
        </test-method> <!-- registerinputTest -->
        <test-method is-config="true" signature="endoftest()[pri:0, instance:com.DsAlog.Qa.Tests.RegisterPageTest@6ae62c7e]" started-at="2022-05-04T16:02:14 EDT" name="endoftest" finished-at="2022-05-04T16:02:14 EDT" duration-ms="0" status="PASS">
          <reporter-output>
          </reporter-output>
        </test-method> <!-- endoftest -->
      </class> <!-- com.DsAlog.Qa.Tests.RegisterPageTest -->
      <class name="com.DsAlog.Qa.Tests.GraphPageTest">
        <test-method is-config="true" signature="setup()[pri:0, instance:com.DsAlog.Qa.Tests.GraphPageTest@7601bc96]" started-at="2022-05-04T16:02:28 EDT" name="setup" finished-at="2022-05-04T16:02:28 EDT" duration-ms="2" status="PASS">
          <reporter-output>
          </reporter-output>
        </test-method> <!-- setup -->
        <test-method signature="GraphSelctionTest()[pri:1, instance:com.DsAlog.Qa.Tests.GraphPageTest@7601bc96]" started-at="2022-05-04T16:02:28 EDT" name="GraphSelctionTest" description="Graph Flow Testing" finished-at="2022-05-04T16:02:28 EDT" duration-ms="187" status="PASS">
          <reporter-output>
          </reporter-output>
        </test-method> <!-- GraphSelctionTest -->
        <test-method is-config="true" signature="endoftest()[pri:0, instance:com.DsAlog.Qa.Tests.GraphPageTest@7601bc96]" started-at="2022-05-04T16:02:28 EDT" name="endoftest" finished-at="2022-05-04T16:02:28 EDT" duration-ms="0" status="PASS">
          <reporter-output>
          </reporter-output>
        </test-method> <!-- endoftest -->
        <test-method signature="GraphLinkCountTest()[pri:2, instance:com.DsAlog.Qa.Tests.GraphPageTest@7601bc96]" started-at="2022-05-04T16:02:28 EDT" name="GraphLinkCountTest" description="Graph Page Link Count" finished-at="2022-05-04T16:02:28 EDT" duration-ms="40" status="PASS">
          <reporter-output>
          </reporter-output>
        </test-method> <!-- GraphLinkCountTest -->
        <test-method is-config="true" signature="endoftest()[pri:0, instance:com.DsAlog.Qa.Tests.GraphPageTest@7601bc96]" started-at="2022-05-04T16:02:28 EDT" name="endoftest" finished-at="2022-05-04T16:02:28 EDT" duration-ms="1" status="PASS">
          <reporter-output>
          </reporter-output>
        </test-method> <!-- endoftest -->
        <test-method signature="graphclickTest()[pri:3, instance:com.DsAlog.Qa.Tests.GraphPageTest@7601bc96]" started-at="2022-05-04T16:02:28 EDT" name="graphclickTest" description="Graph Link Flow" finished-at="2022-05-04T16:02:29 EDT" duration-ms="439" status="PASS">
          <reporter-output>
          </reporter-output>
        </test-method> <!-- graphclickTest -->
        <test-method is-config="true" signature="endoftest()[pri:0, instance:com.DsAlog.Qa.Tests.GraphPageTest@7601bc96]" started-at="2022-05-04T16:02:29 EDT" name="endoftest" finished-at="2022-05-04T16:02:29 EDT" duration-ms="0" status="PASS">
          <reporter-output>
          </reporter-output>
        </test-method> <!-- endoftest -->
        <test-method signature="graphrepclickTest()[pri:4, instance:com.DsAlog.Qa.Tests.GraphPageTest@7601bc96]" started-at="2022-05-04T16:02:29 EDT" name="graphrepclickTest" description="Graph Representations Link Flow" finished-at="2022-05-04T16:02:29 EDT" duration-ms="526" status="PASS">
          <reporter-output>
          </reporter-output>
        </test-method> <!-- graphrepclickTest -->
        <test-method is-config="true" signature="endoftest()[pri:0, instance:com.DsAlog.Qa.Tests.GraphPageTest@7601bc96]" started-at="2022-05-04T16:02:29 EDT" name="endoftest" finished-at="2022-05-04T16:02:29 EDT" duration-ms="0" status="PASS">
          <reporter-output>
          </reporter-output>
        </test-method> <!-- endoftest -->
        <test-method signature="SignOutTest()[pri:5, instance:com.DsAlog.Qa.Tests.GraphPageTest@7601bc96]" started-at="2022-05-04T16:02:29 EDT" name="SignOutTest" description="Final SignOut of the Application" finished-at="2022-05-04T16:02:30 EDT" duration-ms="174" status="PASS">
          <reporter-output>
          </reporter-output>
        </test-method> <!-- SignOutTest -->
        <test-method is-config="true" signature="endoftest()[pri:0, instance:com.DsAlog.Qa.Tests.GraphPageTest@7601bc96]" started-at="2022-05-04T16:02:30 EDT" name="endoftest" finished-at="2022-05-04T16:02:30 EDT" duration-ms="1" status="PASS">
          <reporter-output>
          </reporter-output>
        </test-method> <!-- endoftest -->
        <test-method is-config="true" signature="closing()[pri:0, instance:com.DsAlog.Qa.Tests.GraphPageTest@7601bc96]" started-at="2022-05-04T16:02:30 EDT" name="closing" finished-at="2022-05-04T16:02:30 EDT" duration-ms="217" status="PASS">
          <reporter-output>
          </reporter-output>
        </test-method> <!-- closing -->
      </class> <!-- com.DsAlog.Qa.Tests.GraphPageTest -->
      <class name="com.DsAlog.Qa.Tests.StackPageTest">
        <test-method is-config="true" signature="setup()[pri:0, instance:com.DsAlog.Qa.Tests.StackPageTest@2373ad99]" started-at="2022-05-04T16:02:23 EDT" name="setup" finished-at="2022-05-04T16:02:23 EDT" duration-ms="2" status="PASS">
          <reporter-output>
          </reporter-output>
        </test-method> <!-- setup -->
        <test-method signature="dropStackselectionTest()[pri:1, instance:com.DsAlog.Qa.Tests.StackPageTest@2373ad99]" started-at="2022-05-04T16:02:23 EDT" name="dropStackselectionTest" description="Stack Flow Testing" finished-at="2022-05-04T16:02:23 EDT" duration-ms="198" status="PASS">
          <reporter-output>
          </reporter-output>
        </test-method> <!-- dropStackselectionTest -->
        <test-method is-config="true" signature="endoftest()[pri:0, instance:com.DsAlog.Qa.Tests.StackPageTest@2373ad99]" started-at="2022-05-04T16:02:23 EDT" name="endoftest" finished-at="2022-05-04T16:02:23 EDT" duration-ms="0" status="PASS">
          <reporter-output>
          </reporter-output>
        </test-method> <!-- endoftest -->
        <test-method signature="StackLinkCountTest()[pri:2, instance:com.DsAlog.Qa.Tests.StackPageTest@2373ad99]" started-at="2022-05-04T16:02:23 EDT" name="StackLinkCountTest" description="Count total Links in StackPage" finished-at="2022-05-04T16:02:23 EDT" duration-ms="78" status="PASS">
          <reporter-output>
          </reporter-output>
        </test-method> <!-- StackLinkCountTest -->
        <test-method is-config="true" signature="endoftest()[pri:0, instance:com.DsAlog.Qa.Tests.StackPageTest@2373ad99]" started-at="2022-05-04T16:02:23 EDT" name="endoftest" finished-at="2022-05-04T16:02:23 EDT" duration-ms="1" status="PASS">
          <reporter-output>
          </reporter-output>
        </test-method> <!-- endoftest -->
        <test-method signature="operationclickTest()[pri:3, instance:com.DsAlog.Qa.Tests.StackPageTest@2373ad99]" started-at="2022-05-04T16:02:23 EDT" name="operationclickTest" description="Operations in Stack Link Flow" finished-at="2022-05-04T16:02:23 EDT" duration-ms="481" status="PASS">
          <reporter-output>
          </reporter-output>
        </test-method> <!-- operationclickTest -->
        <test-method is-config="true" signature="endoftest()[pri:0, instance:com.DsAlog.Qa.Tests.StackPageTest@2373ad99]" started-at="2022-05-04T16:02:23 EDT" name="endoftest" finished-at="2022-05-04T16:02:23 EDT" duration-ms="1" status="PASS">
          <reporter-output>
          </reporter-output>
        </test-method> <!-- endoftest -->
        <test-method signature="implementationclickTest()[pri:4, instance:com.DsAlog.Qa.Tests.StackPageTest@2373ad99]" started-at="2022-05-04T16:02:23 EDT" name="implementationclickTest" description="Implementation Link Flow" finished-at="2022-05-04T16:02:24 EDT" duration-ms="452" status="PASS">
          <reporter-output>
          </reporter-output>
        </test-method> <!-- implementationclickTest -->
        <test-method is-config="true" signature="endoftest()[pri:0, instance:com.DsAlog.Qa.Tests.StackPageTest@2373ad99]" started-at="2022-05-04T16:02:24 EDT" name="endoftest" finished-at="2022-05-04T16:02:24 EDT" duration-ms="0" status="PASS">
          <reporter-output>
          </reporter-output>
        </test-method> <!-- endoftest -->
        <test-method signature="applicationclickTest()[pri:5, instance:com.DsAlog.Qa.Tests.StackPageTest@2373ad99]" started-at="2022-05-04T16:02:24 EDT" name="applicationclickTest" description="Applications Link Flow" finished-at="2022-05-04T16:02:24 EDT" duration-ms="436" status="PASS">
          <reporter-output>
          </reporter-output>
        </test-method> <!-- applicationclickTest -->
        <test-method is-config="true" signature="endoftest()[pri:0, instance:com.DsAlog.Qa.Tests.StackPageTest@2373ad99]" started-at="2022-05-04T16:02:24 EDT" name="endoftest" finished-at="2022-05-04T16:02:24 EDT" duration-ms="1" status="PASS">
          <reporter-output>
          </reporter-output>
        </test-method> <!-- endoftest -->
      </class> <!-- com.DsAlog.Qa.Tests.StackPageTest -->
      <class name="com.DsAlog.Qa.Tests.ArrayPageTest">
        <test-method is-config="true" signature="setup()[pri:0, instance:com.DsAlog.Qa.Tests.ArrayPageTest@512575e9]" started-at="2022-05-04T16:02:16 EDT" name="setup" finished-at="2022-05-04T16:02:16 EDT" duration-ms="2" status="PASS">
          <reporter-output>
          </reporter-output>
        </test-method> <!-- setup -->
        <test-method signature="ArraySelectionTest()[pri:1, instance:com.DsAlog.Qa.Tests.ArrayPageTest@512575e9]" started-at="2022-05-04T16:02:16 EDT" name="ArraySelectionTest" description="Array Flow Teting" finished-at="2022-05-04T16:02:16 EDT" duration-ms="209" status="PASS">
          <reporter-output>
          </reporter-output>
        </test-method> <!-- ArraySelectionTest -->
        <test-method is-config="true" signature="endoftest()[pri:0, instance:com.DsAlog.Qa.Tests.ArrayPageTest@512575e9]" started-at="2022-05-04T16:02:16 EDT" name="endoftest" finished-at="2022-05-04T16:02:16 EDT" duration-ms="0" status="PASS">
          <reporter-output>
          </reporter-output>
        </test-method> <!-- endoftest -->
        <test-method signature="APageModuleCountTest()[pri:2, instance:com.DsAlog.Qa.Tests.ArrayPageTest@512575e9]" started-at="2022-05-04T16:02:16 EDT" name="APageModuleCountTest" description="Counting Array Page total Links " finished-at="2022-05-04T16:02:16 EDT" duration-ms="76" status="PASS">
          <reporter-output>
          </reporter-output>
        </test-method> <!-- APageModuleCountTest -->
        <test-method is-config="true" signature="endoftest()[pri:0, instance:com.DsAlog.Qa.Tests.ArrayPageTest@512575e9]" started-at="2022-05-04T16:02:16 EDT" name="endoftest" finished-at="2022-05-04T16:02:16 EDT" duration-ms="1" status="PASS">
          <reporter-output>
          </reporter-output>
        </test-method> <!-- endoftest -->
        <test-method signature="linkpythonclickTest()[pri:3, instance:com.DsAlog.Qa.Tests.ArrayPageTest@512575e9]" started-at="2022-05-04T16:02:16 EDT" name="linkpythonclickTest" description="Arrays in Python Links Flow" finished-at="2022-05-04T16:02:17 EDT" duration-ms="545" status="PASS">
          <reporter-output>
          </reporter-output>
        </test-method> <!-- linkpythonclickTest -->
        <test-method is-config="true" signature="endoftest()[pri:0, instance:com.DsAlog.Qa.Tests.ArrayPageTest@512575e9]" started-at="2022-05-04T16:02:17 EDT" name="endoftest" finished-at="2022-05-04T16:02:17 EDT" duration-ms="0" status="PASS">
          <reporter-output>
          </reporter-output>
        </test-method> <!-- endoftest -->
        <test-method signature="linkusinglistTest()[pri:4, instance:com.DsAlog.Qa.Tests.ArrayPageTest@512575e9]" started-at="2022-05-04T16:02:17 EDT" name="linkusinglistTest" description="Arrays Using List Links Flow" finished-at="2022-05-04T16:02:17 EDT" duration-ms="471" status="PASS">
          <reporter-output>
          </reporter-output>
        </test-method> <!-- linkusinglistTest -->
        <test-method is-config="true" signature="endoftest()[pri:0, instance:com.DsAlog.Qa.Tests.ArrayPageTest@512575e9]" started-at="2022-05-04T16:02:17 EDT" name="endoftest" finished-at="2022-05-04T16:02:17 EDT" duration-ms="1" status="PASS">
          <reporter-output>
          </reporter-output>
        </test-method> <!-- endoftest -->
        <test-method signature="linkoperationslistTest()[pri:5, instance:com.DsAlog.Qa.Tests.ArrayPageTest@512575e9]" started-at="2022-05-04T16:02:18 EDT" name="linkoperationslistTest" description="Basic Operations in Lists Links Flow" finished-at="2022-05-04T16:02:18 EDT" duration-ms="472" status="PASS">
          <reporter-output>
          </reporter-output>
        </test-method> <!-- linkoperationslistTest -->
        <test-method is-config="true" signature="endoftest()[pri:0, instance:com.DsAlog.Qa.Tests.ArrayPageTest@512575e9]" started-at="2022-05-04T16:02:18 EDT" name="endoftest" finished-at="2022-05-04T16:02:18 EDT" duration-ms="0" status="PASS">
          <reporter-output>
          </reporter-output>
        </test-method> <!-- endoftest -->
        <test-method signature="linkarrayTest()[pri:6, instance:com.DsAlog.Qa.Tests.ArrayPageTest@512575e9]" started-at="2022-05-04T16:02:18 EDT" name="linkarrayTest" description="Applications of Array Links Flow" finished-at="2022-05-04T16:02:18 EDT" duration-ms="469" status="PASS">
          <reporter-output>
          </reporter-output>
        </test-method> <!-- linkarrayTest -->
        <test-method is-config="true" signature="endoftest()[pri:0, instance:com.DsAlog.Qa.Tests.ArrayPageTest@512575e9]" started-at="2022-05-04T16:02:19 EDT" name="endoftest" finished-at="2022-05-04T16:02:19 EDT" duration-ms="0" status="PASS">
          <reporter-output>
          </reporter-output>
        </test-method> <!-- endoftest -->
      </class> <!-- com.DsAlog.Qa.Tests.ArrayPageTest -->
      <class name="com.DsAlog.Qa.Tests.TreePageTest">
        <test-method is-config="true" signature="setup()[pri:0, instance:com.DsAlog.Qa.Tests.TreePageTest@4993febc]" started-at="2022-05-04T16:02:26 EDT" name="setup" finished-at="2022-05-04T16:02:26 EDT" duration-ms="1" status="PASS">
          <reporter-output>
          </reporter-output>
        </test-method> <!-- setup -->
        <test-method signature="TreeSelctionTest()[pri:1, instance:com.DsAlog.Qa.Tests.TreePageTest@4993febc]" started-at="2022-05-04T16:02:26 EDT" name="TreeSelctionTest" description="Tree Flow Testing" finished-at="2022-05-04T16:02:27 EDT" duration-ms="197" status="PASS">
          <reporter-output>
          </reporter-output>
        </test-method> <!-- TreeSelctionTest -->
        <test-method is-config="true" signature="endoftest()[pri:0, instance:com.DsAlog.Qa.Tests.TreePageTest@4993febc]" started-at="2022-05-04T16:02:27 EDT" name="endoftest" finished-at="2022-05-04T16:02:27 EDT" duration-ms="0" status="PASS">
          <reporter-output>
          </reporter-output>
        </test-method> <!-- endoftest -->
        <test-method signature="TreeLinkCountTest()[pri:2, instance:com.DsAlog.Qa.Tests.TreePageTest@4993febc]" started-at="2022-05-04T16:02:27 EDT" name="TreeLinkCountTest" description="TreePage Link Count" finished-at="2022-05-04T16:02:27 EDT" duration-ms="221" status="PASS">
          <reporter-output>
          </reporter-output>
        </test-method> <!-- TreeLinkCountTest -->
        <test-method is-config="true" signature="endoftest()[pri:0, instance:com.DsAlog.Qa.Tests.TreePageTest@4993febc]" started-at="2022-05-04T16:02:27 EDT" name="endoftest" finished-at="2022-05-04T16:02:27 EDT" duration-ms="0" status="PASS">
          <reporter-output>
          </reporter-output>
        </test-method> <!-- endoftest -->
        <test-method signature="TreeoverviewclickTest()[pri:3, instance:com.DsAlog.Qa.Tests.TreePageTest@4993febc]" started-at="2022-05-04T16:02:27 EDT" name="TreeoverviewclickTest" description="Overview of Trees Link Flow" finished-at="2022-05-04T16:02:27 EDT" duration-ms="492" status="PASS">
          <reporter-output>
          </reporter-output>
        </test-method> <!-- TreeoverviewclickTest -->
        <test-method is-config="true" signature="endoftest()[pri:0, instance:com.DsAlog.Qa.Tests.TreePageTest@4993febc]" started-at="2022-05-04T16:02:27 EDT" name="endoftest" finished-at="2022-05-04T16:02:27 EDT" duration-ms="1" status="PASS">
          <reporter-output>
          </reporter-output>
        </test-method> <!-- endoftest -->
        <test-method signature="terminologieclickTest()[pri:4, instance:com.DsAlog.Qa.Tests.TreePageTest@4993febc]" started-at="2022-05-04T16:02:27 EDT" name="terminologieclickTest" description="Terminologies Link Flow" finished-at="2022-05-04T16:02:28 EDT" duration-ms="463" status="PASS">
          <reporter-output>
          </reporter-output>
        </test-method> <!-- terminologieclickTest -->
        <test-method is-config="true" signature="endoftest()[pri:0, instance:com.DsAlog.Qa.Tests.TreePageTest@4993febc]" started-at="2022-05-04T16:02:28 EDT" name="endoftest" finished-at="2022-05-04T16:02:28 EDT" duration-ms="0" status="PASS">
          <reporter-output>
          </reporter-output>
        </test-method> <!-- endoftest -->
        <test-method signature="treetypesclickTest()[pri:5, instance:com.DsAlog.Qa.Tests.TreePageTest@4993febc]" started-at="2022-05-04T16:02:28 EDT" name="treetypesclickTest" description="Types of Trees Link Flow" finished-at="2022-05-04T16:02:28 EDT" duration-ms="467" status="PASS">
          <reporter-output>
          </reporter-output>
        </test-method> <!-- treetypesclickTest -->
        <test-method is-config="true" signature="endoftest()[pri:0, instance:com.DsAlog.Qa.Tests.TreePageTest@4993febc]" started-at="2022-05-04T16:02:28 EDT" name="endoftest" finished-at="2022-05-04T16:02:28 EDT" duration-ms="1" status="PASS">
          <reporter-output>
          </reporter-output>
        </test-method> <!-- endoftest -->
      </class> <!-- com.DsAlog.Qa.Tests.TreePageTest -->
    </test> <!-- TestEdge -->
    <test started-at="2022-05-04T16:02:31 EDT" name="TestChrome" finished-at="2022-05-04T16:02:48 EDT" duration-ms="16976">
      <class name="com.DsAlog.Qa.Tests.LinkedListPageTest">
        <test-method is-config="true" signature="setup()[pri:0, instance:com.DsAlog.Qa.Tests.LinkedListPageTest@69923ac3]" started-at="2022-05-04T16:02:38 EDT" name="setup" finished-at="2022-05-04T16:02:38 EDT" duration-ms="1" status="PASS">
          <reporter-output>
          </reporter-output>
        </test-method> <!-- setup -->
        <test-method signature="dropLinkedListselectionTest()[pri:1, instance:com.DsAlog.Qa.Tests.LinkedListPageTest@69923ac3]" started-at="2022-05-04T16:02:38 EDT" name="dropLinkedListselectionTest" description="LinkedList Flow Testing" finished-at="2022-05-04T16:02:38 EDT" duration-ms="228" status="PASS">
          <reporter-output>
          </reporter-output>
        </test-method> <!-- dropLinkedListselectionTest -->
        <test-method is-config="true" signature="endoftest()[pri:0, instance:com.DsAlog.Qa.Tests.LinkedListPageTest@69923ac3]" started-at="2022-05-04T16:02:38 EDT" name="endoftest" finished-at="2022-05-04T16:02:38 EDT" duration-ms="0" status="PASS">
          <reporter-output>
          </reporter-output>
        </test-method> <!-- endoftest -->
        <test-method signature="LListLinkCountTest()[pri:2, instance:com.DsAlog.Qa.Tests.LinkedListPageTest@69923ac3]" started-at="2022-05-04T16:02:38 EDT" name="LListLinkCountTest" description="LinkedList Link Count" finished-at="2022-05-04T16:02:38 EDT" duration-ms="117" status="PASS">
          <reporter-output>
          </reporter-output>
        </test-method> <!-- LListLinkCountTest -->
        <test-method is-config="true" signature="endoftest()[pri:0, instance:com.DsAlog.Qa.Tests.LinkedListPageTest@69923ac3]" started-at="2022-05-04T16:02:38 EDT" name="endoftest" finished-at="2022-05-04T16:02:38 EDT" duration-ms="1" status="PASS">
          <reporter-output>
          </reporter-output>
        </test-method> <!-- endoftest -->
        <test-method signature="introclickTest()[pri:3, instance:com.DsAlog.Qa.Tests.LinkedListPageTest@69923ac3]" started-at="2022-05-04T16:02:38 EDT" name="introclickTest" description="Introduction Link Flow" finished-at="2022-05-04T16:02:38 EDT" duration-ms="443" status="PASS">
          <reporter-output>
          </reporter-output>
        </test-method> <!-- introclickTest -->
        <test-method is-config="true" signature="endoftest()[pri:0, instance:com.DsAlog.Qa.Tests.LinkedListPageTest@69923ac3]" started-at="2022-05-04T16:02:38 EDT" name="endoftest" finished-at="2022-05-04T16:02:38 EDT" duration-ms="0" status="PASS">
          <reporter-output>
          </reporter-output>
        </test-method> <!-- endoftest -->
        <test-method signature="clinklistclickTest()[pri:4, instance:com.DsAlog.Qa.Tests.LinkedListPageTest@69923ac3]" started-at="2022-05-04T16:02:38 EDT" name="clinklistclickTest" description="Creating Linked List Link Flow" finished-at="2022-05-04T16:02:39 EDT" duration-ms="436" status="PASS">
          <reporter-output>
          </reporter-output>
        </test-method> <!-- clinklistclickTest -->
        <test-method is-config="true" signature="endoftest()[pri:0, instance:com.DsAlog.Qa.Tests.LinkedListPageTest@69923ac3]" started-at="2022-05-04T16:02:39 EDT" name="endoftest" finished-at="2022-05-04T16:02:39 EDT" duration-ms="1" status="PASS">
          <reporter-output>
          </reporter-output>
        </test-method> <!-- endoftest -->
        <test-method signature="typeslinklistTest()[pri:5, instance:com.DsAlog.Qa.Tests.LinkedListPageTest@69923ac3]" started-at="2022-05-04T16:02:39 EDT" name="typeslinklistTest" description="Types of Linked List Link Flow" finished-at="2022-05-04T16:02:39 EDT" duration-ms="412" status="PASS">
          <reporter-output>
          </reporter-output>
        </test-method> <!-- typeslinklistTest -->
        <test-method is-config="true" signature="endoftest()[pri:0, instance:com.DsAlog.Qa.Tests.LinkedListPageTest@69923ac3]" started-at="2022-05-04T16:02:39 EDT" name="endoftest" finished-at="2022-05-04T16:02:39 EDT" duration-ms="1" status="PASS">
          <reporter-output>
          </reporter-output>
        </test-method> <!-- endoftest -->
        <test-method signature="implinklistclickTest()[pri:6, instance:com.DsAlog.Qa.Tests.LinkedListPageTest@69923ac3]" started-at="2022-05-04T16:02:39 EDT" name="implinklistclickTest" description="Implement Linked List in Python Link Flow" finished-at="2022-05-04T16:02:40 EDT" duration-ms="383" status="PASS">
          <reporter-output>
          </reporter-output>
        </test-method> <!-- implinklistclickTest -->
        <test-method is-config="true" signature="endoftest()[pri:0, instance:com.DsAlog.Qa.Tests.LinkedListPageTest@69923ac3]" started-at="2022-05-04T16:02:40 EDT" name="endoftest" finished-at="2022-05-04T16:02:40 EDT" duration-ms="0" status="PASS">
          <reporter-output>
          </reporter-output>
        </test-method> <!-- endoftest -->
        <test-method signature="traversalclickTest()[pri:7, instance:com.DsAlog.Qa.Tests.LinkedListPageTest@69923ac3]" started-at="2022-05-04T16:02:40 EDT" name="traversalclickTest" description="Traversal Link Flow" finished-at="2022-05-04T16:02:40 EDT" duration-ms="438" status="PASS">
          <reporter-output>
          </reporter-output>
        </test-method> <!-- traversalclickTest -->
        <test-method is-config="true" signature="endoftest()[pri:0, instance:com.DsAlog.Qa.Tests.LinkedListPageTest@69923ac3]" started-at="2022-05-04T16:02:40 EDT" name="endoftest" finished-at="2022-05-04T16:02:40 EDT" duration-ms="4" status="PASS">
          <reporter-output>
          </reporter-output>
        </test-method> <!-- endoftest -->
        <test-method signature="insertionclickTest()[pri:8, instance:com.DsAlog.Qa.Tests.LinkedListPageTest@69923ac3]" started-at="2022-05-04T16:02:40 EDT" name="insertionclickTest" description="Insertion Link Flow" finished-at="2022-05-04T16:02:40 EDT" duration-ms="449" status="PASS">
          <reporter-output>
          </reporter-output>
        </test-method> <!-- insertionclickTest -->
        <test-method is-config="true" signature="endoftest()[pri:0, instance:com.DsAlog.Qa.Tests.LinkedListPageTest@69923ac3]" started-at="2022-05-04T16:02:40 EDT" name="endoftest" finished-at="2022-05-04T16:02:40 EDT" duration-ms="1" status="PASS">
          <reporter-output>
          </reporter-output>
        </test-method> <!-- endoftest -->
        <test-method signature="deletionclickTest()[pri:9, instance:com.DsAlog.Qa.Tests.LinkedListPageTest@69923ac3]" started-at="2022-05-04T16:02:40 EDT" name="deletionclickTest" description="Deletion Link Flow" finished-at="2022-05-04T16:02:41 EDT" duration-ms="433" status="PASS">
          <reporter-output>
          </reporter-output>
        </test-method> <!-- deletionclickTest -->
        <test-method is-config="true" signature="endoftest()[pri:0, instance:com.DsAlog.Qa.Tests.LinkedListPageTest@69923ac3]" started-at="2022-05-04T16:02:41 EDT" name="endoftest" finished-at="2022-05-04T16:02:41 EDT" duration-ms="0" status="PASS">
          <reporter-output>
          </reporter-output>
        </test-method> <!-- endoftest -->
      </class> <!-- com.DsAlog.Qa.Tests.LinkedListPageTest -->
      <class name="com.DsAlog.Qa.Tests.SigninPageTest">
        <test-method is-config="true" signature="setup()[pri:0, instance:com.DsAlog.Qa.Tests.SigninPageTest@5ed4bc]" started-at="2022-05-04T16:02:34 EDT" name="setup" finished-at="2022-05-04T16:02:34 EDT" duration-ms="2" status="PASS">
          <reporter-output>
          </reporter-output>
        </test-method> <!-- setup -->
        <test-method signature="registerpageTest()[pri:1, instance:com.DsAlog.Qa.Tests.SigninPageTest@5ed4bc]" started-at="2022-05-04T16:02:34 EDT" name="registerpageTest" description="Signing Flow Testing" finished-at="2022-05-04T16:02:34 EDT" duration-ms="129" status="PASS">
          <reporter-output>
          </reporter-output>
        </test-method> <!-- registerpageTest -->
        <test-method is-config="true" signature="endoftest()[pri:0, instance:com.DsAlog.Qa.Tests.SigninPageTest@5ed4bc]" started-at="2022-05-04T16:02:34 EDT" name="endoftest" finished-at="2022-05-04T16:02:34 EDT" duration-ms="0" status="PASS">
          <reporter-output>
          </reporter-output>
        </test-method> <!-- endoftest -->
        <test-method signature="signinpageTest(java.lang.String,java.lang.String)[pri:2, instance:com.DsAlog.Qa.Tests.SigninPageTest@5ed4bc]" started-at="2022-05-04T16:02:34 EDT" name="signinpageTest" description="Signin with Valid Inputs" data-provider="Signin details" finished-at="2022-05-04T16:02:34 EDT" duration-ms="538" status="PASS">
          <params>
            <param index="0">
              <value>
                <![CDATA[asder@twer]]>
              </value>
            </param>
            <param index="1">
              <value>
                <![CDATA[asd123rt]]>
              </value>
            </param>
          </params>
          <reporter-output>
          </reporter-output>
        </test-method> <!-- signinpageTest -->
        <test-method is-config="true" signature="endoftest()[pri:0, instance:com.DsAlog.Qa.Tests.SigninPageTest@5ed4bc]" started-at="2022-05-04T16:02:34 EDT" name="endoftest" finished-at="2022-05-04T16:02:34 EDT" duration-ms="0" status="PASS">
          <reporter-output>
          </reporter-output>
        </test-method> <!-- endoftest -->
        <test-method signature="HPModuleCountTest()[pri:3, instance:com.DsAlog.Qa.Tests.SigninPageTest@5ed4bc]" started-at="2022-05-04T16:02:34 EDT" name="HPModuleCountTest" description="Count total module in HomePage" finished-at="2022-05-04T16:02:35 EDT" duration-ms="159" status="PASS">
          <reporter-output>
          </reporter-output>
        </test-method> <!-- HPModuleCountTest -->
        <test-method is-config="true" signature="endoftest()[pri:0, instance:com.DsAlog.Qa.Tests.SigninPageTest@5ed4bc]" started-at="2022-05-04T16:02:35 EDT" name="endoftest" finished-at="2022-05-04T16:02:35 EDT" duration-ms="1" status="PASS">
          <reporter-output>
          </reporter-output>
        </test-method> <!-- endoftest -->
      </class> <!-- com.DsAlog.Qa.Tests.SigninPageTest -->
      <class name="com.DsAlog.Qa.Tests.DataStructurePageTest">
        <test-method is-config="true" signature="setup()[pri:0, instance:com.DsAlog.Qa.Tests.DataStructurePageTest@6920b0bc]" started-at="2022-05-04T16:02:35 EDT" name="setup" finished-at="2022-05-04T16:02:35 EDT" duration-ms="2" status="PASS">
          <reporter-output>
          </reporter-output>
        </test-method> <!-- setup -->
        <test-method signature="getstartdsselectionTest()[pri:1, instance:com.DsAlog.Qa.Tests.DataStructurePageTest@6920b0bc]" started-at="2022-05-04T16:02:35 EDT" name="getstartdsselectionTest" description="Data structure Flow Testing" finished-at="2022-05-04T16:02:35 EDT" duration-ms="152" status="PASS">
          <reporter-output>
          </reporter-output>
        </test-method> <!-- getstartdsselectionTest -->
        <test-method is-config="true" signature="endoftest()[pri:0, instance:com.DsAlog.Qa.Tests.DataStructurePageTest@6920b0bc]" started-at="2022-05-04T16:02:35 EDT" name="endoftest" finished-at="2022-05-04T16:02:35 EDT" duration-ms="1" status="PASS">
          <reporter-output>
          </reporter-output>
        </test-method> <!-- endoftest -->
        <test-method signature="DataStructureLinkCountTest()[pri:2, instance:com.DsAlog.Qa.Tests.DataStructurePageTest@6920b0bc]" started-at="2022-05-04T16:02:35 EDT" name="DataStructureLinkCountTest" description="Data Structure Page Link Count" finished-at="2022-05-04T16:02:35 EDT" duration-ms="30" status="PASS">
          <reporter-output>
          </reporter-output>
        </test-method> <!-- DataStructureLinkCountTest -->
        <test-method is-config="true" signature="endoftest()[pri:0, instance:com.DsAlog.Qa.Tests.DataStructurePageTest@6920b0bc]" started-at="2022-05-04T16:02:35 EDT" name="endoftest" finished-at="2022-05-04T16:02:35 EDT" duration-ms="0" status="PASS">
          <reporter-output>
          </reporter-output>
        </test-method> <!-- endoftest -->
        <test-method signature="timecomplexclickTest()[pri:3, instance:com.DsAlog.Qa.Tests.DataStructurePageTest@6920b0bc]" started-at="2022-05-04T16:02:35 EDT" name="timecomplexclickTest" description="Time Complexity Link Flow" finished-at="2022-05-04T16:02:35 EDT" duration-ms="721" status="PASS">
          <reporter-output>
          </reporter-output>
        </test-method> <!-- timecomplexclickTest -->
        <test-method is-config="true" signature="endoftest()[pri:0, instance:com.DsAlog.Qa.Tests.DataStructurePageTest@6920b0bc]" started-at="2022-05-04T16:02:35 EDT" name="endoftest" finished-at="2022-05-04T16:02:35 EDT" duration-ms="0" status="PASS">
          <reporter-output>
          </reporter-output>
        </test-method> <!-- endoftest -->
      </class> <!-- com.DsAlog.Qa.Tests.DataStructurePageTest -->
      <class name="com.DsAlog.Qa.Tests.QueuePageTest">
        <test-method signature="QueueSelctionTest()[pri:1, instance:com.DsAlog.Qa.Tests.QueuePageTest@73d60e76]" started-at="2022-05-04T16:02:42 EDT" name="QueueSelctionTest" description="Queue Flow Testing" finished-at="2022-05-04T16:02:43 EDT" duration-ms="183" status="PASS">
          <reporter-output>
          </reporter-output>
        </test-method> <!-- QueueSelctionTest -->
        <test-method is-config="true" signature="setup()[pri:0, instance:com.DsAlog.Qa.Tests.QueuePageTest@73d60e76]" started-at="2022-05-04T16:02:42 EDT" name="setup" finished-at="2022-05-04T16:02:42 EDT" duration-ms="0" status="PASS">
          <reporter-output>
          </reporter-output>
        </test-method> <!-- setup -->
        <test-method is-config="true" signature="endoftest()[pri:0, instance:com.DsAlog.Qa.Tests.QueuePageTest@73d60e76]" started-at="2022-05-04T16:02:43 EDT" name="endoftest" finished-at="2022-05-04T16:02:43 EDT" duration-ms="1" status="PASS">
          <reporter-output>
          </reporter-output>
        </test-method> <!-- endoftest -->
        <test-method signature="QueueLinkCountTest()[pri:2, instance:com.DsAlog.Qa.Tests.QueuePageTest@73d60e76]" started-at="2022-05-04T16:02:43 EDT" name="QueueLinkCountTest" description="Queue Page Link Count" finished-at="2022-05-04T16:02:43 EDT" duration-ms="74" status="PASS">
          <reporter-output>
          </reporter-output>
        </test-method> <!-- QueueLinkCountTest -->
        <test-method is-config="true" signature="endoftest()[pri:0, instance:com.DsAlog.Qa.Tests.QueuePageTest@73d60e76]" started-at="2022-05-04T16:02:43 EDT" name="endoftest" finished-at="2022-05-04T16:02:43 EDT" duration-ms="0" status="PASS">
          <reporter-output>
          </reporter-output>
        </test-method> <!-- endoftest -->
        <test-method signature="impQueueclickTest()[pri:3, instance:com.DsAlog.Qa.Tests.QueuePageTest@73d60e76]" started-at="2022-05-04T16:02:43 EDT" name="impQueueclickTest" description="Implementation of Queue in Python Link Flow" finished-at="2022-05-04T16:02:43 EDT" duration-ms="418" status="PASS">
          <reporter-output>
          </reporter-output>
        </test-method> <!-- impQueueclickTest -->
        <test-method is-config="true" signature="endoftest()[pri:0, instance:com.DsAlog.Qa.Tests.QueuePageTest@73d60e76]" started-at="2022-05-04T16:02:43 EDT" name="endoftest" finished-at="2022-05-04T16:02:43 EDT" duration-ms="0" status="PASS">
          <reporter-output>
          </reporter-output>
        </test-method> <!-- endoftest -->
        <test-method signature="impcollectionsclickTest()[pri:4, instance:com.DsAlog.Qa.Tests.QueuePageTest@73d60e76]" started-at="2022-05-04T16:02:43 EDT" name="impcollectionsclickTest" description="Implementation using collections link Flow" finished-at="2022-05-04T16:02:44 EDT" duration-ms="390" status="PASS">
          <reporter-output>
          </reporter-output>
        </test-method> <!-- impcollectionsclickTest -->
        <test-method is-config="true" signature="endoftest()[pri:0, instance:com.DsAlog.Qa.Tests.QueuePageTest@73d60e76]" started-at="2022-05-04T16:02:44 EDT" name="endoftest" finished-at="2022-05-04T16:02:44 EDT" duration-ms="0" status="PASS">
          <reporter-output>
          </reporter-output>
        </test-method> <!-- endoftest -->
        <test-method signature="imparrayclickTest()[pri:5, instance:com.DsAlog.Qa.Tests.QueuePageTest@73d60e76]" started-at="2022-05-04T16:02:44 EDT" name="imparrayclickTest" description="Implementation using array" finished-at="2022-05-04T16:02:44 EDT" duration-ms="397" status="PASS">
          <reporter-output>
          </reporter-output>
        </test-method> <!-- imparrayclickTest -->
        <test-method is-config="true" signature="endoftest()[pri:0, instance:com.DsAlog.Qa.Tests.QueuePageTest@73d60e76]" started-at="2022-05-04T16:02:44 EDT" name="endoftest" finished-at="2022-05-04T16:02:44 EDT" duration-ms="0" status="PASS">
          <reporter-output>
          </reporter-output>
        </test-method> <!-- endoftest -->
        <test-method signature="QueueoperclickTest()[pri:6, instance:com.DsAlog.Qa.Tests.QueuePageTest@73d60e76]" started-at="2022-05-04T16:02:44 EDT" name="QueueoperclickTest" description="Queue Operations" finished-at="2022-05-04T16:02:44 EDT" duration-ms="433" status="PASS">
          <reporter-output>
          </reporter-output>
        </test-method> <!-- QueueoperclickTest -->
        <test-method is-config="true" signature="endoftest()[pri:0, instance:com.DsAlog.Qa.Tests.QueuePageTest@73d60e76]" started-at="2022-05-04T16:02:44 EDT" name="endoftest" finished-at="2022-05-04T16:02:44 EDT" duration-ms="0" status="PASS">
          <reporter-output>
          </reporter-output>
        </test-method> <!-- endoftest -->
      </class> <!-- com.DsAlog.Qa.Tests.QueuePageTest -->
      <class name="com.DsAlog.Qa.Tests.RegisterPageTest">
        <test-method is-config="true" signature="setup(java.lang.String)[pri:0, instance:com.DsAlog.Qa.Tests.RegisterPageTest@a50d709]" started-at="2022-05-04T16:02:31 EDT" name="setup" finished-at="2022-05-04T16:02:32 EDT" duration-ms="1149" status="PASS">
          <params>
            <param index="0">
              <value>
                <![CDATA[Chrome]]>
              </value>
            </param>
          </params>
          <reporter-output>
          </reporter-output>
        </test-method> <!-- setup -->
        <test-method signature="startpageTest()[pri:1, instance:com.DsAlog.Qa.Tests.RegisterPageTest@a50d709]" started-at="2022-05-04T16:02:32 EDT" name="startpageTest" description="Get Starting the Application" finished-at="2022-05-04T16:02:32 EDT" duration-ms="279" status="PASS">
          <reporter-output>
          </reporter-output>
        </test-method> <!-- startpageTest -->
        <test-method is-config="true" signature="endoftest()[pri:0, instance:com.DsAlog.Qa.Tests.RegisterPageTest@a50d709]" started-at="2022-05-04T16:02:32 EDT" name="endoftest" finished-at="2022-05-04T16:02:32 EDT" duration-ms="0" status="PASS">
          <reporter-output>
          </reporter-output>
        </test-method> <!-- endoftest -->
        <test-method signature="registerpageTest()[pri:2, instance:com.DsAlog.Qa.Tests.RegisterPageTest@a50d709]" started-at="2022-05-04T16:02:32 EDT" name="registerpageTest" description="Opening Register Page to Register As a New Customer" finished-at="2022-05-04T16:02:32 EDT" duration-ms="144" status="PASS">
          <reporter-output>
          </reporter-output>
        </test-method> <!-- registerpageTest -->
        <test-method is-config="true" signature="endoftest()[pri:0, instance:com.DsAlog.Qa.Tests.RegisterPageTest@a50d709]" started-at="2022-05-04T16:02:32 EDT" name="endoftest" finished-at="2022-05-04T16:02:32 EDT" duration-ms="0" status="PASS">
          <reporter-output>
          </reporter-output>
        </test-method> <!-- endoftest -->
        <test-method signature="registerinputTest(java.lang.String,java.lang.String,java.lang.String)[pri:3, instance:com.DsAlog.Qa.Tests.RegisterPageTest@a50d709]" started-at="2022-05-04T16:02:32 EDT" name="registerinputTest" description="Register Flow Testing with invalid inputs" data-provider="Signin details" finished-at="2022-05-04T16:02:33 EDT" duration-ms="296" status="FAIL">
          <params>
            <param index="0">
              <value>
                <![CDATA[werty123rt]]>
              </value>
            </param>
            <param index="1">
              <value>
                <![CDATA[asdwe_234]]>
              </value>
            </param>
            <param index="2">
              <value>
                <![CDATA[asdwe234]]>
              </value>
            </param>
          </params>
          <exception class="java.lang.AssertionError">
            <message>
              <![CDATA[expected [NumpyNinja] but found [Registration]]]>
            </message>
            <full-stacktrace>
              <![CDATA[java.lang.AssertionError: expected [NumpyNinja] but found [Registration]
at org.testng.Assert.fail(Assert.java:99)
at org.testng.Assert.failNotEquals(Assert.java:1037)
at org.testng.Assert.assertEqualsImpl(Assert.java:140)
at org.testng.Assert.assertEquals(Assert.java:122)
at org.testng.Assert.assertEquals(Assert.java:629)
at org.testng.Assert.assertEquals(Assert.java:639)
at com.DsAlog.Qa.Tests.RegisterPageTest.registerinputTest(RegisterPageTest.java:66)
at java.base/jdk.internal.reflect.NativeMethodAccessorImpl.invoke0(Native Method)
at java.base/jdk.internal.reflect.NativeMethodAccessorImpl.invoke(NativeMethodAccessorImpl.java:77)
at java.base/jdk.internal.reflect.DelegatingMethodAccessorImpl.invoke(DelegatingMethodAccessorImpl.java:43)
at java.base/java.lang.reflect.Method.invoke(Method.java:568)
at org.testng.internal.MethodInvocationHelper.invokeMethod(MethodInvocationHelper.java:133)
at org.testng.internal.TestInvoker.invokeMethod(TestInvoker.java:598)
at org.testng.internal.TestInvoker.invokeTestMethod(TestInvoker.java:173)
at org.testng.internal.MethodRunner.runInSequence(MethodRunner.java:46)
at org.testng.internal.TestInvoker$MethodInvocationAgent.invoke(TestInvoker.java:824)
at org.testng.internal.TestInvoker.invokeTestMethods(TestInvoker.java:146)
at org.testng.internal.TestMethodWorker.invokeTestMethods(TestMethodWorker.java:146)
at org.testng.internal.TestMethodWorker.run(TestMethodWorker.java:128)
at java.base/java.util.ArrayList.forEach(ArrayList.java:1511)
at org.testng.TestRunner.privateRun(TestRunner.java:794)
at org.testng.TestRunner.run(TestRunner.java:596)
at org.testng.SuiteRunner.runTest(SuiteRunner.java:377)
at org.testng.SuiteRunner.runSequentially(SuiteRunner.java:371)
at org.testng.SuiteRunner.privateRun(SuiteRunner.java:332)
at org.testng.SuiteRunner.run(SuiteRunner.java:276)
at org.testng.SuiteRunnerWorker.runSuite(SuiteRunnerWorker.java:53)
at org.testng.SuiteRunnerWorker.run(SuiteRunnerWorker.java:96)
at org.testng.TestNG.runSuitesSequentially(TestNG.java:1212)
at org.testng.TestNG.runSuitesLocally(TestNG.java:1134)
at org.testng.TestNG.runSuites(TestNG.java:1063)
at org.testng.TestNG.run(TestNG.java:1031)
at org.testng.remote.AbstractRemoteTestNG.run(AbstractRemoteTestNG.java:115)
at org.testng.remote.RemoteTestNG.initAndRun(RemoteTestNG.java:251)
at org.testng.remote.RemoteTestNG.main(RemoteTestNG.java:77)
]]>
            </full-stacktrace>
          </exception> <!-- java.lang.AssertionError -->
          <reporter-output>
          </reporter-output>
        </test-method> <!-- registerinputTest -->
        <test-method is-config="true" signature="endoftest()[pri:0, instance:com.DsAlog.Qa.Tests.RegisterPageTest@a50d709]" started-at="2022-05-04T16:02:33 EDT" name="endoftest" finished-at="2022-05-04T16:02:33 EDT" duration-ms="1" status="PASS">
          <reporter-output>
          </reporter-output>
        </test-method> <!-- endoftest -->
        <test-method signature="registerinputTest(java.lang.String,java.lang.String,java.lang.String)[pri:3, instance:com.DsAlog.Qa.Tests.RegisterPageTest@a50d709]" started-at="2022-05-04T16:02:33 EDT" name="registerinputTest" description="Register Flow Testing with invalid inputs" data-provider="Signin details" finished-at="2022-05-04T16:02:33 EDT" duration-ms="257" status="FAIL">
          <params>
            <param index="0">
              <value>
                <![CDATA[werty124rt]]>
              </value>
            </param>
            <param index="1">
              <value>
                <![CDATA[asdwe_235]]>
              </value>
            </param>
            <param index="2">
              <value>
                <![CDATA[asdwe_235]]>
              </value>
            </param>
          </params>
          <exception class="java.lang.AssertionError">
            <message>
              <![CDATA[expected [NumpyNinja] but found [Registration]]]>
            </message>
            <full-stacktrace>
              <![CDATA[java.lang.AssertionError: expected [NumpyNinja] but found [Registration]
at org.testng.Assert.fail(Assert.java:99)
at org.testng.Assert.failNotEquals(Assert.java:1037)
at org.testng.Assert.assertEqualsImpl(Assert.java:140)
at org.testng.Assert.assertEquals(Assert.java:122)
at org.testng.Assert.assertEquals(Assert.java:629)
at org.testng.Assert.assertEquals(Assert.java:639)
at com.DsAlog.Qa.Tests.RegisterPageTest.registerinputTest(RegisterPageTest.java:66)
at java.base/jdk.internal.reflect.NativeMethodAccessorImpl.invoke0(Native Method)
at java.base/jdk.internal.reflect.NativeMethodAccessorImpl.invoke(NativeMethodAccessorImpl.java:77)
at java.base/jdk.internal.reflect.DelegatingMethodAccessorImpl.invoke(DelegatingMethodAccessorImpl.java:43)
at java.base/java.lang.reflect.Method.invoke(Method.java:568)
at org.testng.internal.MethodInvocationHelper.invokeMethod(MethodInvocationHelper.java:133)
at org.testng.internal.TestInvoker.invokeMethod(TestInvoker.java:598)
at org.testng.internal.TestInvoker.invokeTestMethod(TestInvoker.java:173)
at org.testng.internal.MethodRunner.runInSequence(MethodRunner.java:46)
at org.testng.internal.TestInvoker$MethodInvocationAgent.invoke(TestInvoker.java:824)
at org.testng.internal.TestInvoker.invokeTestMethods(TestInvoker.java:146)
at org.testng.internal.TestMethodWorker.invokeTestMethods(TestMethodWorker.java:146)
at org.testng.internal.TestMethodWorker.run(TestMethodWorker.java:128)
at java.base/java.util.ArrayList.forEach(ArrayList.java:1511)
at org.testng.TestRunner.privateRun(TestRunner.java:794)
at org.testng.TestRunner.run(TestRunner.java:596)
at org.testng.SuiteRunner.runTest(SuiteRunner.java:377)
at org.testng.SuiteRunner.runSequentially(SuiteRunner.java:371)
at org.testng.SuiteRunner.privateRun(SuiteRunner.java:332)
at org.testng.SuiteRunner.run(SuiteRunner.java:276)
at org.testng.SuiteRunnerWorker.runSuite(SuiteRunnerWorker.java:53)
at org.testng.SuiteRunnerWorker.run(SuiteRunnerWorker.java:96)
at org.testng.TestNG.runSuitesSequentially(TestNG.java:1212)
at org.testng.TestNG.runSuitesLocally(TestNG.java:1134)
at org.testng.TestNG.runSuites(TestNG.java:1063)
at org.testng.TestNG.run(TestNG.java:1031)
at org.testng.remote.AbstractRemoteTestNG.run(AbstractRemoteTestNG.java:115)
at org.testng.remote.RemoteTestNG.initAndRun(RemoteTestNG.java:251)
at org.testng.remote.RemoteTestNG.main(RemoteTestNG.java:77)
]]>
            </full-stacktrace>
          </exception> <!-- java.lang.AssertionError -->
          <reporter-output>
          </reporter-output>
        </test-method> <!-- registerinputTest -->
        <test-method is-config="true" signature="endoftest()[pri:0, instance:com.DsAlog.Qa.Tests.RegisterPageTest@a50d709]" started-at="2022-05-04T16:02:34 EDT" name="endoftest" finished-at="2022-05-04T16:02:34 EDT" duration-ms="0" status="PASS">
          <reporter-output>
          </reporter-output>
        </test-method> <!-- endoftest -->
      </class> <!-- com.DsAlog.Qa.Tests.RegisterPageTest -->
      <class name="com.DsAlog.Qa.Tests.StackPageTest">
        <test-method is-config="true" signature="setup()[pri:0, instance:com.DsAlog.Qa.Tests.StackPageTest@1f1ff879]" started-at="2022-05-04T16:02:41 EDT" name="setup" finished-at="2022-05-04T16:02:41 EDT" duration-ms="1" status="PASS">
          <reporter-output>
          </reporter-output>
        </test-method> <!-- setup -->
        <test-method signature="dropStackselectionTest()[pri:1, instance:com.DsAlog.Qa.Tests.StackPageTest@1f1ff879]" started-at="2022-05-04T16:02:41 EDT" name="dropStackselectionTest" description="Stack Flow Testing" finished-at="2022-05-04T16:02:41 EDT" duration-ms="178" status="PASS">
          <reporter-output>
          </reporter-output>
        </test-method> <!-- dropStackselectionTest -->
        <test-method is-config="true" signature="endoftest()[pri:0, instance:com.DsAlog.Qa.Tests.StackPageTest@1f1ff879]" started-at="2022-05-04T16:02:41 EDT" name="endoftest" finished-at="2022-05-04T16:02:41 EDT" duration-ms="1" status="PASS">
          <reporter-output>
          </reporter-output>
        </test-method> <!-- endoftest -->
        <test-method signature="StackLinkCountTest()[pri:2, instance:com.DsAlog.Qa.Tests.StackPageTest@1f1ff879]" started-at="2022-05-04T16:02:41 EDT" name="StackLinkCountTest" description="Count total Links in StackPage" finished-at="2022-05-04T16:02:41 EDT" duration-ms="56" status="PASS">
          <reporter-output>
          </reporter-output>
        </test-method> <!-- StackLinkCountTest -->
        <test-method is-config="true" signature="endoftest()[pri:0, instance:com.DsAlog.Qa.Tests.StackPageTest@1f1ff879]" started-at="2022-05-04T16:02:41 EDT" name="endoftest" finished-at="2022-05-04T16:02:41 EDT" duration-ms="0" status="PASS">
          <reporter-output>
          </reporter-output>
        </test-method> <!-- endoftest -->
        <test-method signature="operationclickTest()[pri:3, instance:com.DsAlog.Qa.Tests.StackPageTest@1f1ff879]" started-at="2022-05-04T16:02:41 EDT" name="operationclickTest" description="Operations in Stack Link Flow" finished-at="2022-05-04T16:02:42 EDT" duration-ms="409" status="PASS">
          <reporter-output>
          </reporter-output>
        </test-method> <!-- operationclickTest -->
        <test-method is-config="true" signature="endoftest()[pri:0, instance:com.DsAlog.Qa.Tests.StackPageTest@1f1ff879]" started-at="2022-05-04T16:02:42 EDT" name="endoftest" finished-at="2022-05-04T16:02:42 EDT" duration-ms="0" status="PASS">
          <reporter-output>
          </reporter-output>
        </test-method> <!-- endoftest -->
        <test-method signature="implementationclickTest()[pri:4, instance:com.DsAlog.Qa.Tests.StackPageTest@1f1ff879]" started-at="2022-05-04T16:02:42 EDT" name="implementationclickTest" description="Implementation Link Flow" finished-at="2022-05-04T16:02:42 EDT" duration-ms="401" status="PASS">
          <reporter-output>
          </reporter-output>
        </test-method> <!-- implementationclickTest -->
        <test-method is-config="true" signature="endoftest()[pri:0, instance:com.DsAlog.Qa.Tests.StackPageTest@1f1ff879]" started-at="2022-05-04T16:02:42 EDT" name="endoftest" finished-at="2022-05-04T16:02:42 EDT" duration-ms="0" status="PASS">
          <reporter-output>
          </reporter-output>
        </test-method> <!-- endoftest -->
        <test-method signature="applicationclickTest()[pri:5, instance:com.DsAlog.Qa.Tests.StackPageTest@1f1ff879]" started-at="2022-05-04T16:02:42 EDT" name="applicationclickTest" description="Applications Link Flow" finished-at="2022-05-04T16:02:42 EDT" duration-ms="436" status="PASS">
          <reporter-output>
          </reporter-output>
        </test-method> <!-- applicationclickTest -->
        <test-method is-config="true" signature="endoftest()[pri:0, instance:com.DsAlog.Qa.Tests.StackPageTest@1f1ff879]" started-at="2022-05-04T16:02:42 EDT" name="endoftest" finished-at="2022-05-04T16:02:42 EDT" duration-ms="0" status="PASS">
          <reporter-output>
          </reporter-output>
        </test-method> <!-- endoftest -->
      </class> <!-- com.DsAlog.Qa.Tests.StackPageTest -->
      <class name="com.DsAlog.Qa.Tests.GraphPageTest">
        <test-method is-config="true" signature="setup()[pri:0, instance:com.DsAlog.Qa.Tests.GraphPageTest@5c441290]" started-at="2022-05-04T16:02:46 EDT" name="setup" finished-at="2022-05-04T16:02:46 EDT" duration-ms="1" status="PASS">
          <reporter-output>
          </reporter-output>
        </test-method> <!-- setup -->
        <test-method signature="GraphSelctionTest()[pri:1, instance:com.DsAlog.Qa.Tests.GraphPageTest@5c441290]" started-at="2022-05-04T16:02:46 EDT" name="GraphSelctionTest" description="Graph Flow Testing" finished-at="2022-05-04T16:02:46 EDT" duration-ms="203" status="PASS">
          <reporter-output>
          </reporter-output>
        </test-method> <!-- GraphSelctionTest -->
        <test-method is-config="true" signature="endoftest()[pri:0, instance:com.DsAlog.Qa.Tests.GraphPageTest@5c441290]" started-at="2022-05-04T16:02:46 EDT" name="endoftest" finished-at="2022-05-04T16:02:46 EDT" duration-ms="1" status="PASS">
          <reporter-output>
          </reporter-output>
        </test-method> <!-- endoftest -->
        <test-method signature="GraphLinkCountTest()[pri:2, instance:com.DsAlog.Qa.Tests.GraphPageTest@5c441290]" started-at="2022-05-04T16:02:46 EDT" name="GraphLinkCountTest" description="Graph Page Link Count" finished-at="2022-05-04T16:02:46 EDT" duration-ms="47" status="PASS">
          <reporter-output>
          </reporter-output>
        </test-method> <!-- GraphLinkCountTest -->
        <test-method is-config="true" signature="endoftest()[pri:0, instance:com.DsAlog.Qa.Tests.GraphPageTest@5c441290]" started-at="2022-05-04T16:02:46 EDT" name="endoftest" finished-at="2022-05-04T16:02:46 EDT" duration-ms="0" status="PASS">
          <reporter-output>
          </reporter-output>
        </test-method> <!-- endoftest -->
        <test-method signature="graphclickTest()[pri:3, instance:com.DsAlog.Qa.Tests.GraphPageTest@5c441290]" started-at="2022-05-04T16:02:46 EDT" name="graphclickTest" description="Graph Link Flow" finished-at="2022-05-04T16:02:47 EDT" duration-ms="436" status="PASS">
          <reporter-output>
          </reporter-output>
        </test-method> <!-- graphclickTest -->
        <test-method is-config="true" signature="endoftest()[pri:0, instance:com.DsAlog.Qa.Tests.GraphPageTest@5c441290]" started-at="2022-05-04T16:02:47 EDT" name="endoftest" finished-at="2022-05-04T16:02:47 EDT" duration-ms="0" status="PASS">
          <reporter-output>
          </reporter-output>
        </test-method> <!-- endoftest -->
        <test-method signature="graphrepclickTest()[pri:4, instance:com.DsAlog.Qa.Tests.GraphPageTest@5c441290]" started-at="2022-05-04T16:02:47 EDT" name="graphrepclickTest" description="Graph Representations Link Flow" finished-at="2022-05-04T16:02:47 EDT" duration-ms="425" status="PASS">
          <reporter-output>
          </reporter-output>
        </test-method> <!-- graphrepclickTest -->
        <test-method is-config="true" signature="endoftest()[pri:0, instance:com.DsAlog.Qa.Tests.GraphPageTest@5c441290]" started-at="2022-05-04T16:02:47 EDT" name="endoftest" finished-at="2022-05-04T16:02:47 EDT" duration-ms="0" status="PASS">
          <reporter-output>
          </reporter-output>
        </test-method> <!-- endoftest -->
        <test-method signature="SignOutTest()[pri:5, instance:com.DsAlog.Qa.Tests.GraphPageTest@5c441290]" started-at="2022-05-04T16:02:47 EDT" name="SignOutTest" description="Final SignOut of the Application" finished-at="2022-05-04T16:02:47 EDT" duration-ms="157" status="PASS">
          <reporter-output>
          </reporter-output>
        </test-method> <!-- SignOutTest -->
        <test-method is-config="true" signature="endoftest()[pri:0, instance:com.DsAlog.Qa.Tests.GraphPageTest@5c441290]" started-at="2022-05-04T16:02:47 EDT" name="endoftest" finished-at="2022-05-04T16:02:47 EDT" duration-ms="0" status="PASS">
          <reporter-output>
          </reporter-output>
        </test-method> <!-- endoftest -->
        <test-method is-config="true" signature="closing()[pri:0, instance:com.DsAlog.Qa.Tests.GraphPageTest@5c441290]" started-at="2022-05-04T16:02:47 EDT" name="closing" finished-at="2022-05-04T16:02:48 EDT" duration-ms="174" status="PASS">
          <reporter-output>
          </reporter-output>
        </test-method> <!-- closing -->
      </class> <!-- com.DsAlog.Qa.Tests.GraphPageTest -->
      <class name="com.DsAlog.Qa.Tests.ArrayPageTest">
        <test-method is-config="true" signature="setup()[pri:0, instance:com.DsAlog.Qa.Tests.ArrayPageTest@65f651eb]" started-at="2022-05-04T16:02:35 EDT" name="setup" finished-at="2022-05-04T16:02:35 EDT" duration-ms="1" status="PASS">
          <reporter-output>
          </reporter-output>
        </test-method> <!-- setup -->
        <test-method signature="ArraySelectionTest()[pri:1, instance:com.DsAlog.Qa.Tests.ArrayPageTest@65f651eb]" started-at="2022-05-04T16:02:35 EDT" name="ArraySelectionTest" description="Array Flow Teting" finished-at="2022-05-04T16:02:36 EDT" duration-ms="188" status="PASS">
          <reporter-output>
          </reporter-output>
        </test-method> <!-- ArraySelectionTest -->
        <test-method is-config="true" signature="endoftest()[pri:0, instance:com.DsAlog.Qa.Tests.ArrayPageTest@65f651eb]" started-at="2022-05-04T16:02:36 EDT" name="endoftest" finished-at="2022-05-04T16:02:36 EDT" duration-ms="0" status="PASS">
          <reporter-output>
          </reporter-output>
        </test-method> <!-- endoftest -->
        <test-method signature="APageModuleCountTest()[pri:2, instance:com.DsAlog.Qa.Tests.ArrayPageTest@65f651eb]" started-at="2022-05-04T16:02:36 EDT" name="APageModuleCountTest" description="Counting Array Page total Links " finished-at="2022-05-04T16:02:36 EDT" duration-ms="65" status="PASS">
          <reporter-output>
          </reporter-output>
        </test-method> <!-- APageModuleCountTest -->
        <test-method is-config="true" signature="endoftest()[pri:0, instance:com.DsAlog.Qa.Tests.ArrayPageTest@65f651eb]" started-at="2022-05-04T16:02:36 EDT" name="endoftest" finished-at="2022-05-04T16:02:36 EDT" duration-ms="0" status="PASS">
          <reporter-output>
          </reporter-output>
        </test-method> <!-- endoftest -->
        <test-method signature="linkpythonclickTest()[pri:3, instance:com.DsAlog.Qa.Tests.ArrayPageTest@65f651eb]" started-at="2022-05-04T16:02:36 EDT" name="linkpythonclickTest" description="Arrays in Python Links Flow" finished-at="2022-05-04T16:02:36 EDT" duration-ms="481" status="PASS">
          <reporter-output>
          </reporter-output>
        </test-method> <!-- linkpythonclickTest -->
        <test-method is-config="true" signature="endoftest()[pri:0, instance:com.DsAlog.Qa.Tests.ArrayPageTest@65f651eb]" started-at="2022-05-04T16:02:36 EDT" name="endoftest" finished-at="2022-05-04T16:02:36 EDT" duration-ms="1" status="PASS">
          <reporter-output>
          </reporter-output>
        </test-method> <!-- endoftest -->
        <test-method signature="linkusinglistTest()[pri:4, instance:com.DsAlog.Qa.Tests.ArrayPageTest@65f651eb]" started-at="2022-05-04T16:02:36 EDT" name="linkusinglistTest" description="Arrays Using List Links Flow" finished-at="2022-05-04T16:02:37 EDT" duration-ms="421" status="PASS">
          <reporter-output>
          </reporter-output>
        </test-method> <!-- linkusinglistTest -->
        <test-method is-config="true" signature="endoftest()[pri:0, instance:com.DsAlog.Qa.Tests.ArrayPageTest@65f651eb]" started-at="2022-05-04T16:02:37 EDT" name="endoftest" finished-at="2022-05-04T16:02:37 EDT" duration-ms="0" status="PASS">
          <reporter-output>
          </reporter-output>
        </test-method> <!-- endoftest -->
        <test-method signature="linkoperationslistTest()[pri:5, instance:com.DsAlog.Qa.Tests.ArrayPageTest@65f651eb]" started-at="2022-05-04T16:02:37 EDT" name="linkoperationslistTest" description="Basic Operations in Lists Links Flow" finished-at="2022-05-04T16:02:37 EDT" duration-ms="423" status="PASS">
          <reporter-output>
          </reporter-output>
        </test-method> <!-- linkoperationslistTest -->
        <test-method is-config="true" signature="endoftest()[pri:0, instance:com.DsAlog.Qa.Tests.ArrayPageTest@65f651eb]" started-at="2022-05-04T16:02:37 EDT" name="endoftest" finished-at="2022-05-04T16:02:37 EDT" duration-ms="0" status="PASS">
          <reporter-output>
          </reporter-output>
        </test-method> <!-- endoftest -->
        <test-method signature="linkarrayTest()[pri:6, instance:com.DsAlog.Qa.Tests.ArrayPageTest@65f651eb]" started-at="2022-05-04T16:02:37 EDT" name="linkarrayTest" description="Applications of Array Links Flow" finished-at="2022-05-04T16:02:37 EDT" duration-ms="444" status="PASS">
          <reporter-output>
          </reporter-output>
        </test-method> <!-- linkarrayTest -->
        <test-method is-config="true" signature="endoftest()[pri:0, instance:com.DsAlog.Qa.Tests.ArrayPageTest@65f651eb]" started-at="2022-05-04T16:02:37 EDT" name="endoftest" finished-at="2022-05-04T16:02:37 EDT" duration-ms="0" status="PASS">
          <reporter-output>
          </reporter-output>
        </test-method> <!-- endoftest -->
      </class> <!-- com.DsAlog.Qa.Tests.ArrayPageTest -->
      <class name="com.DsAlog.Qa.Tests.TreePageTest">
        <test-method is-config="true" signature="setup()[pri:0, instance:com.DsAlog.Qa.Tests.TreePageTest@24f870ee]" started-at="2022-05-04T16:02:44 EDT" name="setup" finished-at="2022-05-04T16:02:44 EDT" duration-ms="0" status="PASS">
          <reporter-output>
          </reporter-output>
        </test-method> <!-- setup -->
        <test-method signature="TreeSelctionTest()[pri:1, instance:com.DsAlog.Qa.Tests.TreePageTest@24f870ee]" started-at="2022-05-04T16:02:44 EDT" name="TreeSelctionTest" description="Tree Flow Testing" finished-at="2022-05-04T16:02:45 EDT" duration-ms="215" status="PASS">
          <reporter-output>
          </reporter-output>
        </test-method> <!-- TreeSelctionTest -->
        <test-method is-config="true" signature="endoftest()[pri:0, instance:com.DsAlog.Qa.Tests.TreePageTest@24f870ee]" started-at="2022-05-04T16:02:45 EDT" name="endoftest" finished-at="2022-05-04T16:02:45 EDT" duration-ms="0" status="PASS">
          <reporter-output>
          </reporter-output>
        </test-method> <!-- endoftest -->
        <test-method signature="TreeLinkCountTest()[pri:2, instance:com.DsAlog.Qa.Tests.TreePageTest@24f870ee]" started-at="2022-05-04T16:02:45 EDT" name="TreeLinkCountTest" description="TreePage Link Count" finished-at="2022-05-04T16:02:45 EDT" duration-ms="215" status="PASS">
          <reporter-output>
          </reporter-output>
        </test-method> <!-- TreeLinkCountTest -->
        <test-method is-config="true" signature="endoftest()[pri:0, instance:com.DsAlog.Qa.Tests.TreePageTest@24f870ee]" started-at="2022-05-04T16:02:45 EDT" name="endoftest" finished-at="2022-05-04T16:02:45 EDT" duration-ms="0" status="PASS">
          <reporter-output>
          </reporter-output>
        </test-method> <!-- endoftest -->
        <test-method signature="TreeoverviewclickTest()[pri:3, instance:com.DsAlog.Qa.Tests.TreePageTest@24f870ee]" started-at="2022-05-04T16:02:45 EDT" name="TreeoverviewclickTest" description="Overview of Trees Link Flow" finished-at="2022-05-04T16:02:45 EDT" duration-ms="458" status="PASS">
          <reporter-output>
          </reporter-output>
        </test-method> <!-- TreeoverviewclickTest -->
        <test-method is-config="true" signature="endoftest()[pri:0, instance:com.DsAlog.Qa.Tests.TreePageTest@24f870ee]" started-at="2022-05-04T16:02:45 EDT" name="endoftest" finished-at="2022-05-04T16:02:45 EDT" duration-ms="0" status="PASS">
          <reporter-output>
          </reporter-output>
        </test-method> <!-- endoftest -->
        <test-method signature="terminologieclickTest()[pri:4, instance:com.DsAlog.Qa.Tests.TreePageTest@24f870ee]" started-at="2022-05-04T16:02:45 EDT" name="terminologieclickTest" description="Terminologies Link Flow" finished-at="2022-05-04T16:02:46 EDT" duration-ms="459" status="PASS">
          <reporter-output>
          </reporter-output>
        </test-method> <!-- terminologieclickTest -->
        <test-method is-config="true" signature="endoftest()[pri:0, instance:com.DsAlog.Qa.Tests.TreePageTest@24f870ee]" started-at="2022-05-04T16:02:46 EDT" name="endoftest" finished-at="2022-05-04T16:02:46 EDT" duration-ms="0" status="PASS">
          <reporter-output>
          </reporter-output>
        </test-method> <!-- endoftest -->
        <test-method signature="treetypesclickTest()[pri:5, instance:com.DsAlog.Qa.Tests.TreePageTest@24f870ee]" started-at="2022-05-04T16:02:46 EDT" name="treetypesclickTest" description="Types of Trees Link Flow" finished-at="2022-05-04T16:02:46 EDT" duration-ms="411" status="PASS">
          <reporter-output>
          </reporter-output>
        </test-method> <!-- treetypesclickTest -->
        <test-method is-config="true" signature="endoftest()[pri:0, instance:com.DsAlog.Qa.Tests.TreePageTest@24f870ee]" started-at="2022-05-04T16:02:46 EDT" name="endoftest" finished-at="2022-05-04T16:02:46 EDT" duration-ms="0" status="PASS">
          <reporter-output>
          </reporter-output>
        </test-method> <!-- endoftest -->
      </class> <!-- com.DsAlog.Qa.Tests.TreePageTest -->
    </test> <!-- TestChrome -->
  </suite> <!-- Suite -->
</testng-results>
