<?xml version="1.0" encoding="UTF-8"?>
<!-- Generated by org.testng.reporters.JUnitXMLReporter -->
<testsuite ignored="0" hostname="DESKTOP-PN8R175" failures="2" tests="46" name="TestEdge" time="49.539" errors="0" timestamp="2022-05-19T21:53:24 EDT">
  <testcase classname="com.DsAlog.Qa.Tests.RegisterPageTest" name="startpageTest" time="0.464"/>
  <testcase classname="com.DsAlog.Qa.Tests.RegisterPageTest" name="registerpageTest" time="0.227"/>
  <testcase classname="com.DsAlog.Qa.Tests.RegisterPageTest" name="registerinputTest" time="0.702">
    <failure type="java.lang.AssertionError" message="expected [NumpyNinja] but found [Registration]">
      <![CDATA[java.lang.AssertionError: expected [NumpyNinja] but found [Registration]
at com.DsAlog.Qa.Tests.RegisterPageTest.registerinputTest(RegisterPageTest.java:66)
at java.base/java.util.ArrayList.forEach(ArrayList.java:1511)
... Removed 33 stack frames]]>
    </failure>
  </testcase> <!-- registerinputTest -->
  <testcase classname="com.DsAlog.Qa.Tests.RegisterPageTest" name="registerinputTest" time="0.751">
    <failure type="java.lang.AssertionError" message="expected [NumpyNinja] but found [Registration]">
      <![CDATA[java.lang.AssertionError: expected [NumpyNinja] but found [Registration]
at com.DsAlog.Qa.Tests.RegisterPageTest.registerinputTest(RegisterPageTest.java:66)
at java.base/java.util.ArrayList.forEach(ArrayList.java:1511)
... Removed 33 stack frames]]>
    </failure>
  </testcase> <!-- registerinputTest -->
  <testcase classname="com.DsAlog.Qa.Tests.SigninPageTest" name="registerpageTest" time="0.389"/>
  <testcase classname="com.DsAlog.Qa.Tests.SigninPageTest" name="signinpageTest" time="1.063"/>
  <testcase classname="com.DsAlog.Qa.Tests.SigninPageTest" name="HPModuleCountTest" time="0.507"/>
  <testcase classname="com.DsAlog.Qa.Tests.DataStructurePageTest" name="getstartdsselectionTest" time="0.356"/>
  <testcase classname="com.DsAlog.Qa.Tests.DataStructurePageTest" name="DataStructureLinkCountTest" time="0.079"/>
  <testcase classname="com.DsAlog.Qa.Tests.DataStructurePageTest" name="timecomplexclickTest" time="1.586"/>
  <testcase classname="com.DsAlog.Qa.Tests.ArrayPageTest" name="ArraySelectionTest" time="0.505"/>
  <testcase classname="com.DsAlog.Qa.Tests.ArrayPageTest" name="APageModuleCountTest" time="0.177"/>
  <testcase classname="com.DsAlog.Qa.Tests.ArrayPageTest" name="linkpythonclickTest" time="1.08"/>
  <testcase classname="com.DsAlog.Qa.Tests.ArrayPageTest" name="linkusinglistTest" time="0.944"/>
  <testcase classname="com.DsAlog.Qa.Tests.ArrayPageTest" name="linkoperationslistTest" time="0.878"/>
  <testcase classname="com.DsAlog.Qa.Tests.ArrayPageTest" name="linkarrayTest" time="0.967"/>
  <testcase classname="com.DsAlog.Qa.Tests.LinkedListPageTest" name="dropLinkedListselectionTest" time="0.509"/>
  <testcase classname="com.DsAlog.Qa.Tests.LinkedListPageTest" name="LListLinkCountTest" time="0.333"/>
  <testcase classname="com.DsAlog.Qa.Tests.LinkedListPageTest" name="introclickTest" time="1.039"/>
  <testcase classname="com.DsAlog.Qa.Tests.LinkedListPageTest" name="clinklistclickTest" time="1.149"/>
  <testcase classname="com.DsAlog.Qa.Tests.LinkedListPageTest" name="typeslinklistTest" time="1.18"/>
  <testcase classname="com.DsAlog.Qa.Tests.LinkedListPageTest" name="implinklistclickTest" time="1.177"/>
  <testcase classname="com.DsAlog.Qa.Tests.LinkedListPageTest" name="traversalclickTest" time="1.181"/>
  <testcase classname="com.DsAlog.Qa.Tests.LinkedListPageTest" name="insertionclickTest" time="1.445"/>
  <testcase classname="com.DsAlog.Qa.Tests.LinkedListPageTest" name="deletionclickTest" time="1.072"/>
  <testcase classname="com.DsAlog.Qa.Tests.StackPageTest" name="dropStackselectionTest" time="0.399"/>
  <testcase classname="com.DsAlog.Qa.Tests.StackPageTest" name="StackLinkCountTest" time="0.185"/>
  <testcase classname="com.DsAlog.Qa.Tests.StackPageTest" name="operationclickTest" time="1.235"/>
  <testcase classname="com.DsAlog.Qa.Tests.StackPageTest" name="implementationclickTest" time="1.243"/>
  <testcase classname="com.DsAlog.Qa.Tests.StackPageTest" name="applicationclickTest" time="1.355"/>
  <testcase classname="com.DsAlog.Qa.Tests.QueuePageTest" name="QueueSelctionTest" time="0.546"/>
  <testcase classname="com.DsAlog.Qa.Tests.QueuePageTest" name="QueueLinkCountTest" time="0.177"/>
  <testcase classname="com.DsAlog.Qa.Tests.QueuePageTest" name="impQueueclickTest" time="1.356"/>
  <testcase classname="com.DsAlog.Qa.Tests.QueuePageTest" name="impcollectionsclickTest" time="1.346"/>
  <testcase classname="com.DsAlog.Qa.Tests.QueuePageTest" name="imparrayclickTest" time="1.236"/>
  <testcase classname="com.DsAlog.Qa.Tests.QueuePageTest" name="QueueoperclickTest" time="1.24"/>
  <testcase classname="com.DsAlog.Qa.Tests.TreePageTest" name="TreeSelctionTest" time="0.47"/>
  <testcase classname="com.DsAlog.Qa.Tests.TreePageTest" name="TreeLinkCountTest" time="0.549"/>
  <testcase classname="com.DsAlog.Qa.Tests.TreePageTest" name="TreeoverviewclickTest" time="1.228"/>
  <testcase classname="com.DsAlog.Qa.Tests.TreePageTest" name="terminologieclickTest" time="1.208"/>
  <testcase classname="com.DsAlog.Qa.Tests.TreePageTest" name="treetypesclickTest" time="1.364"/>
  <testcase classname="com.DsAlog.Qa.Tests.GraphPageTest" name="GraphSelctionTest" time="0.615"/>
  <testcase classname="com.DsAlog.Qa.Tests.GraphPageTest" name="GraphLinkCountTest" time="0.148"/>
  <testcase classname="com.DsAlog.Qa.Tests.GraphPageTest" name="graphclickTest" time="1.267"/>
  <testcase classname="com.DsAlog.Qa.Tests.GraphPageTest" name="graphrepclickTest" time="1.248"/>
  <testcase classname="com.DsAlog.Qa.Tests.GraphPageTest" name="SignOutTest" time="0.482"/>
</testsuite> <!-- TestEdge -->
