<?xml version="1.0" encoding="UTF-8"?>
<!-- Generated by org.testng.reporters.JUnitXMLReporter -->
<testsuite ignored="0" hostname="DESKTOP-PN8R175" failures="2" tests="5" name="Test" time="8.864" errors="0" timestamp="2022-05-20T00:34:56 EDT">
  <testcase classname="com.DsAlog.Qa.Tests.RegisterPageTestPojo" name="startpageTest" time="0.34"/>
  <testcase classname="com.DsAlog.Qa.Tests.RegisterPageTestPojo" name="registerpageTest" time="0.18"/>
  <testcase classname="com.DsAlog.Qa.Tests.RegisterPageTestPojo" name="registerinputTest" time="0.368">
    <failure type="java.lang.AssertionError" message="expected [NumpyNinja] but found [Registration]">
      <![CDATA[java.lang.AssertionError: expected [NumpyNinja] but found [Registration]
at com.DsAlog.Qa.Tests.RegisterPageTestPojo.registerinputTest(RegisterPageTestPojo.java:79)
at java.base/java.util.ArrayList.forEach(ArrayList.java:1511)
... Removed 33 stack frames]]>
    </failure>
  </testcase> <!-- registerinputTest -->
  <testcase classname="com.DsAlog.Qa.Tests.RegisterPageTestPojo" name="registerinputTest" time="0.328">
    <failure type="java.lang.AssertionError" message="expected [NumpyNinja] but found [Registration]">
      <![CDATA[java.lang.AssertionError: expected [NumpyNinja] but found [Registration]
at com.DsAlog.Qa.Tests.RegisterPageTestPojo.registerinputTest(RegisterPageTestPojo.java:79)
at java.base/java.util.ArrayList.forEach(ArrayList.java:1511)
... Removed 33 stack frames]]>
    </failure>
  </testcase> <!-- registerinputTest -->
  <testcase classname="com.DsAlog.Qa.Tests.RegisterPageTestPojo" name="registerinputTest" time="1.493"/>
</testsuite> <!-- Test -->
